2025-02-12 14:23:20,521 [INFO] Activator:176 - 


2025-02-12 14:23:20,525 [INFO] Activator:177 - !SESSION log4j initialized
2025-02-12 14:23:28,572 [INFO] LogOutputStream:77 - [STDOUT_REDIRECT] 
2025-02-12 14:23:30,922 [INFO] ApplicationProperties:184 - Using Application install path: C:\ST\STM32CubeIDE_1.14.0\STM32CubeIDE\plugins\com.st.stm32cube.common.mx_6.10.0.202311202037
2025-02-12 14:23:30,937 [INFO] DbMcusXml:78 - Set database path to: C:\ST\STM32CubeIDE_1.14.0\STM32CubeIDE\plugins\com.st.stm32cube.common.mx_6.10.0.202311202037\\db\/mcu/
2025-02-12 14:23:30,937 [INFO] ApiDb:274 - Set plugin database path to: C:\ST\STM32CubeIDE_1.14.0\STM32CubeIDE\plugins\com.st.stm32cube.common.mx_6.10.0.202311202037\\db\/plugins/boardmanager/
2025-02-12 14:23:30,937 [WARN] ApiDb:259 - Overriding images path with different value:  => C:\ST\STM32CubeIDE_1.14.0\STM32CubeIDE\plugins\com.st.stm32cube.common.mx_6.10.0.202311202037\\db\/plugins/mcufinder/images/
2025-02-12 14:23:30,952 [INFO] ApiDb:250 - Set database path to: C:\Users\psriniz\.stmcufinder\plugins\mcufinder//mcu/
2025-02-12 14:23:30,953 [INFO] DbMcusAds:125 - Set database path to: C:\Users\psriniz\.stmcufinder\plugins\mcufinder//mcu/
2025-02-12 14:23:30,955 [INFO] CrossReferenceDbSqlite:203 - Set database path to: C:\Users\psriniz\.stmcufinder\plugins\mcufinder//mcu/cs/
2025-02-12 14:23:31,070 [INFO] RulesReader:64 - Compatibility file has been processed (297 Rules)
2025-02-12 14:23:31,152 [INFO] DbMcusXml:78 - Set database path to: C:\ST\STM32CubeIDE_1.14.0\STM32CubeIDE\plugins\com.st.stm32cube.common.mx_6.10.0.202311202037\\db\/mcu/
2025-02-12 14:23:31,153 [INFO] ApiDb:274 - Set plugin database path to: C:\ST\STM32CubeIDE_1.14.0\STM32CubeIDE\plugins\com.st.stm32cube.common.mx_6.10.0.202311202037\\db\/plugins/boardmanager/
2025-02-12 14:23:31,153 [INFO] ApiDb:261 - Set plugin images path to: C:\ST\STM32CubeIDE_1.14.0\STM32CubeIDE\plugins\com.st.stm32cube.common.mx_6.10.0.202311202037\\db\/plugins/mcufinder/images/
2025-02-12 14:23:31,153 [WARN] DbFile:41 - Overriding database path with different value: C:\Users\psriniz\.stmcufinder\plugins\mcufinder/ => C:\Users\psriniz\.stmcufinder\plugins\mcufinder
2025-02-12 14:23:31,153 [INFO] ApiDb:250 - Set database path to: C:\Users\psriniz\.stmcufinder\plugins\mcufinder//mcu/
2025-02-12 14:23:31,153 [WARN] DbFile:41 - Overriding database path with different value: C:\Users\psriniz\.stmcufinder\plugins\mcufinder/ => C:\Users\psriniz\.stmcufinder\plugins\mcufinder
2025-02-12 14:23:31,153 [INFO] DbMcusAds:125 - Set database path to: C:\Users\psriniz\.stmcufinder\plugins\mcufinder//mcu/
2025-02-12 14:23:31,153 [WARN] DbFile:41 - Overriding database path with different value: C:\Users\psriniz\.stmcufinder\plugins\mcufinder/ => C:\Users\psriniz\.stmcufinder\plugins\mcufinder
2025-02-12 14:23:31,153 [WARN] DbFile:41 - Overriding database path with different value: C:\Users\psriniz\.stmcufinder\plugins\mcufinder/ => C:\Users\psriniz\.stmcufinder\plugins\mcufinder
2025-02-12 14:23:31,153 [INFO] CrossReferenceDbSqlite:203 - Set database path to: C:\Users\psriniz\.stmcufinder\plugins\mcufinder//mcu/cs/
2025-02-12 14:23:31,228 [INFO] MainPanel:264 - HeapMemory: 268435456
2025-02-12 14:23:31,293 [INFO] DbMcusXml:78 - Set database path to: C:\ST\STM32CubeIDE_1.14.0\STM32CubeIDE\plugins\com.st.stm32cube.common.mx_6.10.0.202311202037\\db\/mcu/
2025-02-12 14:23:31,294 [INFO] ApiDb:274 - Set plugin database path to: C:\ST\STM32CubeIDE_1.14.0\STM32CubeIDE\plugins\com.st.stm32cube.common.mx_6.10.0.202311202037\\db\/plugins/boardmanager/
2025-02-12 14:23:31,294 [INFO] ApiDb:261 - Set plugin images path to: C:\ST\STM32CubeIDE_1.14.0\STM32CubeIDE\plugins\com.st.stm32cube.common.mx_6.10.0.202311202037\\db\/plugins/mcufinder/images/
2025-02-12 14:23:31,294 [WARN] DbFile:41 - Overriding database path with different value: C:\Users\psriniz\.stmcufinder\plugins\mcufinder/ => C:\Users\psriniz\.stmcufinder\plugins\mcufinder
2025-02-12 14:23:31,294 [INFO] ApiDb:250 - Set database path to: C:\Users\psriniz\.stmcufinder\plugins\mcufinder//mcu/
2025-02-12 14:23:31,294 [WARN] DbFile:41 - Overriding database path with different value: C:\Users\psriniz\.stmcufinder\plugins\mcufinder/ => C:\Users\psriniz\.stmcufinder\plugins\mcufinder
2025-02-12 14:23:31,294 [INFO] DbMcusAds:125 - Set database path to: C:\Users\psriniz\.stmcufinder\plugins\mcufinder//mcu/
2025-02-12 14:23:31,294 [WARN] DbFile:41 - Overriding database path with different value: C:\Users\psriniz\.stmcufinder\plugins\mcufinder/ => C:\Users\psriniz\.stmcufinder\plugins\mcufinder
2025-02-12 14:23:31,294 [WARN] DbFile:41 - Overriding database path with different value: C:\Users\psriniz\.stmcufinder\plugins\mcufinder/ => C:\Users\psriniz\.stmcufinder\plugins\mcufinder
2025-02-12 14:23:31,295 [INFO] CrossReferenceDbSqlite:203 - Set database path to: C:\Users\psriniz\.stmcufinder\plugins\mcufinder//mcu/cs/
2025-02-12 14:23:31,310 [INFO] ApplicationProperties:184 - Using Application install path: C:\ST\STM32CubeIDE_1.14.0\STM32CubeIDE\plugins\com.st.stm32cube.common.mx_6.10.0.202311202037
2025-02-12 14:23:31,312 [INFO] PluginManage:196 - Search for loadable plugins [exclusion list=, ]
2025-02-12 14:23:31,313 [INFO] PluginManage:310 - Check plugin analytics
2025-02-12 14:23:31,439 [INFO] AnalyticsPlugin:253 - Accepted Software Licenses: 
2025-02-12 14:23:31,439 [INFO] AnalyticsPlugin:255 - Accepted CMSIS Pack Licenses: 
2025-02-12 14:23:31,439 [INFO] AnalyticsPlugin:257 - Accepted Firmware Licenses: FW.F4.1.28.0,FW.H7.1.11.0
2025-02-12 14:23:31,442 [INFO] PluginManage:359 - Loaded plugin analytics (category:tool,tabindex:-1)
2025-02-12 14:23:31,442 [INFO] PluginManage:310 - Check plugin cadmodel
2025-02-12 14:23:31,459 [INFO] CADModel:105 - Init CAD model plugin
2025-02-12 14:23:31,459 [INFO] PluginManage:359 - Loaded plugin cadmodel (category:power,tabindex:5)
2025-02-12 14:23:31,459 [INFO] PluginManage:310 - Check plugin clock
2025-02-12 14:23:31,478 [INFO] PluginManage:359 - Loaded plugin clock (category:base,tabindex:2)
2025-02-12 14:23:31,478 [INFO] PluginManage:310 - Check plugin ddr
2025-02-12 14:23:31,480 [INFO] PluginManage:359 - Loaded plugin ddr (category:tool,tabindex:6)
2025-02-12 14:23:31,480 [INFO] PluginManage:310 - Check plugin filemanager
2025-02-12 14:23:31,582 [INFO] PluginManage:359 - Loaded plugin filemanager (category:base,tabindex:10)
2025-02-12 14:23:31,583 [INFO] PluginManage:310 - Check plugin ipmanager
2025-02-12 14:23:31,589 [INFO] PluginManage:359 - Loaded plugin ipmanager (category:base,tabindex:5)
2025-02-12 14:23:31,590 [INFO] PluginManage:310 - Check plugin lpbam
2025-02-12 14:23:31,608 [INFO] PluginManage:359 - Loaded plugin lpbam (category:base,tabindex:0)
2025-02-12 14:23:31,608 [INFO] PluginManage:310 - Check plugin memorymap
2025-02-12 14:23:31,628 [INFO] PluginManage:359 - Loaded plugin memorymap (category:base,tabindex:4)
2025-02-12 14:23:31,628 [INFO] PluginManage:310 - Check plugin pinoutandconfiguration
2025-02-12 14:23:31,644 [INFO] PluginManage:359 - Loaded plugin pinoutandconfiguration (category:base,tabindex:1)
2025-02-12 14:23:31,644 [INFO] PluginManage:310 - Check plugin pinoutconfig
2025-02-12 14:23:31,730 [WARN] SupportedApi:132 - Cannot load RTOS API schema: s4s-elt-must-match.1: The content of 'definitions' must match (annotation?, (simpleType | complexType)?, (unique | key | keyref)*)). A problem was found starting at: attribute.
2025-02-12 14:23:31,875 [INFO] PluginManage:359 - Loaded plugin pinoutconfig (category:base,tabindex:0)
2025-02-12 14:23:31,875 [INFO] PluginManage:310 - Check plugin power
2025-02-12 14:23:31,900 [INFO] PluginManage:359 - Loaded plugin power (category:power,tabindex:4)
2025-02-12 14:23:31,900 [INFO] PluginManage:310 - Check plugin projectmanager
2025-02-12 14:23:31,913 [INFO] PluginManage:359 - Loaded plugin projectmanager (category:projectmanager,tabindex:3)
2025-02-12 14:23:31,913 [INFO] PluginManage:310 - Check plugin thirdparty
2025-02-12 14:23:32,186 [INFO] PluginManage:359 - Loaded plugin thirdparty (category:base,tabindex:-1)
2025-02-12 14:23:32,186 [WARN] IntegrityCheckThread:84 - waiting for thirdparty lock release [integrity check]
2025-02-12 14:23:32,187 [INFO] IntegrityCheckThread:86 - entering critical section [integrity check]
2025-02-12 14:23:32,187 [INFO] PluginManage:310 - Check plugin tools
2025-02-12 14:23:32,187 [INFO] ThirdPartyUpdaterWithRetryManager:70 - Updater plugin not ready yet. [1/15]
2025-02-12 14:23:32,238 [INFO] PluginManage:359 - Loaded plugin tools (category:base,tabindex:7)
2025-02-12 14:23:32,238 [INFO] PluginManage:310 - Check plugin tutovideos
2025-02-12 14:23:32,401 [INFO] PluginManage:359 - Loaded plugin tutovideos (category:base,tabindex:-1)
2025-02-12 14:23:32,401 [INFO] PluginManage:310 - Check plugin updater
2025-02-12 14:23:32,412 [INFO] PluginManage:359 - Loaded plugin updater (category:base,tabindex:12)
2025-02-12 14:23:32,412 [INFO] PluginManage:310 - Check plugin userauth
2025-02-12 14:23:32,418 [INFO] UserAuth:114 - Init User Auth plugin
2025-02-12 14:23:32,418 [INFO] PluginManage:359 - Loaded plugin userauth (category:base,tabindex:14)
2025-02-12 14:23:32,419 [INFO] PluginManage:283 - PluginManage : Loaded plugins [17]
2025-02-12 14:23:32,623 [INFO] PinOutPanel:1499 - setPackage(No Configuration,No Configuration)
2025-02-12 14:23:32,688 [INFO] CADModel:165 - CPN selected for project level
2025-02-12 14:23:32,689 [INFO] CADModel:114 - Register for checkConnection events
2025-02-12 14:23:32,713 [INFO] IPUIPlugin:80 - create IPUIPlugin
2025-02-12 14:23:32,713 [INFO] PluginManager:220 - loadIPPluginJar : add adc
2025-02-12 14:23:32,747 [INFO] IPUIPlugin:80 - create IPUIPlugin
2025-02-12 14:23:32,748 [INFO] PluginManager:220 - loadIPPluginJar : add aes
2025-02-12 14:23:32,787 [INFO] IPUIPlugin:80 - create IPUIPlugin
2025-02-12 14:23:32,787 [INFO] PluginManager:220 - loadIPPluginJar : add can
2025-02-12 14:23:32,812 [INFO] IPUIPlugin:80 - create IPUIPlugin
2025-02-12 14:23:32,813 [INFO] PluginManager:220 - loadIPPluginJar : add comp
2025-02-12 14:23:32,846 [INFO] IPUIPlugin:80 - create IPUIPlugin
2025-02-12 14:23:32,846 [INFO] PluginManager:220 - loadIPPluginJar : add cryp
2025-02-12 14:23:32,880 [INFO] IPUIPlugin:80 - create IPUIPlugin
2025-02-12 14:23:32,880 [INFO] PluginManager:220 - loadIPPluginJar : add dfsdm
2025-02-12 14:23:32,899 [INFO] IPUIPlugin:80 - create IPUIPlugin
2025-02-12 14:23:32,900 [INFO] PluginManager:220 - loadIPPluginJar : add dma
2025-02-12 14:23:32,947 [INFO] IPUIPlugin:80 - create IPUIPlugin
2025-02-12 14:23:32,947 [INFO] PluginManager:220 - loadIPPluginJar : add dma3
2025-02-12 14:23:32,971 [INFO] IPUIPlugin:80 - create IPUIPlugin
2025-02-12 14:23:32,971 [INFO] PluginManager:220 - loadIPPluginJar : add fatfs
2025-02-12 14:23:33,015 [INFO] IPUIPlugin:80 - create IPUIPlugin
2025-02-12 14:23:33,015 [INFO] PluginManager:220 - loadIPPluginJar : add fmc
2025-02-12 14:23:33,030 [INFO] IPUIPlugin:80 - create IPUIPlugin
2025-02-12 14:23:33,030 [INFO] PluginManager:220 - loadIPPluginJar : add freertos
2025-02-12 14:23:33,053 [INFO] IPUIPlugin:80 - create IPUIPlugin
2025-02-12 14:23:33,054 [INFO] PluginManager:220 - loadIPPluginJar : add genericplugin
2025-02-12 14:23:33,142 [INFO] IPUIPlugin:80 - create IPUIPlugin
2025-02-12 14:23:33,143 [INFO] PluginManager:220 - loadIPPluginJar : add gfxmmu
2025-02-12 14:23:33,269 [INFO] IPUIPlugin:80 - create IPUIPlugin
2025-02-12 14:23:33,269 [INFO] PluginManager:220 - loadIPPluginJar : add gic
2025-02-12 14:23:33,294 [INFO] IPUIPlugin:80 - create IPUIPlugin
2025-02-12 14:23:33,294 [INFO] PluginManager:220 - loadIPPluginJar : add gpio
2025-02-12 14:23:33,393 [INFO] IPUIPlugin:80 - create IPUIPlugin
2025-02-12 14:23:33,393 [INFO] PluginManager:220 - loadIPPluginJar : add gtzc
2025-02-12 14:23:33,430 [INFO] IPUIPlugin:80 - create IPUIPlugin
2025-02-12 14:23:33,430 [INFO] PluginManager:220 - loadIPPluginJar : add hash
2025-02-12 14:23:33,489 [INFO] IPUIPlugin:80 - create IPUIPlugin
2025-02-12 14:23:33,489 [INFO] PluginManager:220 - loadIPPluginJar : add i2c
2025-02-12 14:23:33,535 [INFO] IPUIPlugin:80 - create IPUIPlugin
2025-02-12 14:23:33,535 [INFO] PluginManager:220 - loadIPPluginJar : add i2s
2025-02-12 14:23:33,580 [INFO] IPUIPlugin:80 - create IPUIPlugin
2025-02-12 14:23:33,581 [INFO] PluginManager:220 - loadIPPluginJar : add i3c
2025-02-12 14:23:33,690 [INFO] IPUIPlugin:80 - create IPUIPlugin
2025-02-12 14:23:33,690 [INFO] PluginManager:220 - loadIPPluginJar : add ipddr
2025-02-12 14:23:33,791 [INFO] IPUIPlugin:80 - create IPUIPlugin
2025-02-12 14:23:33,791 [INFO] PluginManager:220 - loadIPPluginJar : add linkedlist
2025-02-12 14:23:33,835 [INFO] IPUIPlugin:80 - create IPUIPlugin
2025-02-12 14:23:33,835 [INFO] PluginManager:220 - loadIPPluginJar : add lorawan
2025-02-12 14:23:33,880 [INFO] IPUIPlugin:80 - create IPUIPlugin
2025-02-12 14:23:33,880 [INFO] PluginManager:220 - loadIPPluginJar : add ltdc
2025-02-12 14:23:33,896 [INFO] IPUIPlugin:80 - create IPUIPlugin
2025-02-12 14:23:33,897 [INFO] PluginManager:220 - loadIPPluginJar : add mdma
2025-02-12 14:23:33,913 [INFO] IPUIPlugin:80 - create IPUIPlugin
2025-02-12 14:23:33,913 [INFO] PluginManager:220 - loadIPPluginJar : add nvic
2025-02-12 14:23:33,957 [INFO] IPUIPlugin:80 - create IPUIPlugin
2025-02-12 14:23:33,957 [INFO] PluginManager:220 - loadIPPluginJar : add opamp
2025-02-12 14:23:34,024 [INFO] IPUIPlugin:80 - create IPUIPlugin
2025-02-12 14:23:34,024 [INFO] PluginManager:220 - loadIPPluginJar : add openamp
2025-02-12 14:23:34,081 [INFO] IPUIPlugin:80 - create IPUIPlugin
2025-02-12 14:23:34,081 [INFO] PluginManager:220 - loadIPPluginJar : add pdm2pcm
2025-02-12 14:23:34,102 [INFO] IPUIPlugin:80 - create IPUIPlugin
2025-02-12 14:23:34,105 [INFO] PluginManager:220 - loadIPPluginJar : add plateformsettings
2025-02-12 14:23:34,140 [INFO] IPUIPlugin:80 - create IPUIPlugin
2025-02-12 14:23:34,141 [INFO] PluginManager:220 - loadIPPluginJar : add quadspi
2025-02-12 14:23:34,158 [INFO] IPUIPlugin:80 - create IPUIPlugin
2025-02-12 14:23:34,158 [INFO] PluginManager:220 - loadIPPluginJar : add resmgrutility
2025-02-12 14:23:34,211 [INFO] IPUIPlugin:80 - create IPUIPlugin
2025-02-12 14:23:34,211 [INFO] PluginManager:220 - loadIPPluginJar : add sai
2025-02-12 14:23:34,257 [INFO] IPUIPlugin:80 - create IPUIPlugin
2025-02-12 14:23:34,257 [INFO] PluginManager:220 - loadIPPluginJar : add spi
2025-02-12 14:23:34,332 [INFO] IPUIPlugin:80 - create IPUIPlugin
2025-02-12 14:23:34,332 [INFO] PluginManager:220 - loadIPPluginJar : add stm32_wpan
2025-02-12 14:23:34,361 [INFO] IPUIPlugin:80 - create IPUIPlugin
2025-02-12 14:23:34,361 [INFO] PluginManager:220 - loadIPPluginJar : add tim
2025-02-12 14:23:34,419 [INFO] IPUIPlugin:80 - create IPUIPlugin
2025-02-12 14:23:34,419 [INFO] PluginManager:220 - loadIPPluginJar : add touchsensing
2025-02-12 14:23:34,449 [INFO] IPUIPlugin:80 - create IPUIPlugin
2025-02-12 14:23:34,449 [INFO] PluginManager:220 - loadIPPluginJar : add tracer_emb
2025-02-12 14:23:34,478 [INFO] IPUIPlugin:80 - create IPUIPlugin
2025-02-12 14:23:34,478 [INFO] PluginManager:220 - loadIPPluginJar : add ts
2025-02-12 14:23:34,505 [INFO] IPUIPlugin:80 - create IPUIPlugin
2025-02-12 14:23:34,505 [INFO] PluginManager:220 - loadIPPluginJar : add tsc
2025-02-12 14:23:34,532 [INFO] IPUIPlugin:80 - create IPUIPlugin
2025-02-12 14:23:34,532 [INFO] PluginManager:220 - loadIPPluginJar : add ucpd
2025-02-12 14:23:34,580 [INFO] IPUIPlugin:80 - create IPUIPlugin
2025-02-12 14:23:34,580 [INFO] PluginManager:220 - loadIPPluginJar : add usart
2025-02-12 14:23:34,626 [INFO] IPUIPlugin:80 - create IPUIPlugin
2025-02-12 14:23:34,626 [INFO] PluginManager:220 - loadIPPluginJar : add usbx
2025-02-12 14:23:34,753 [INFO] CADModel:165 - CPN selected for project level
2025-02-12 14:23:34,754 [INFO] CADModel:114 - Register for checkConnection events
2025-02-12 14:23:34,754 [FATAL] Updater:308 - Updater called before beeing initialized
2025-02-12 14:23:34,754 [ERROR] CADModel:125 - Updater not yet initialized, retry later 
2025-02-12 14:23:34,887 [INFO] CADModel:165 - CPN selected for project level
2025-02-12 14:23:34,887 [INFO] CADModel:114 - Register for checkConnection events
2025-02-12 14:23:34,887 [FATAL] Updater:308 - Updater called before beeing initialized
2025-02-12 14:23:34,887 [ERROR] CADModel:125 - Updater not yet initialized, retry later 
2025-02-12 14:23:34,890 [FATAL] Updater:308 - Updater called before beeing initialized
2025-02-12 14:23:34,983 [FATAL] Updater:308 - Updater called before beeing initialized
2025-02-12 14:23:34,995 [INFO] DbMcusAds:53 - JSON generation date=Tue Dec 17 21:31:15 IST 2024 (1734451275111)
2025-02-12 14:23:34,995 [FATAL] Updater:308 - Updater called before beeing initialized
2025-02-12 14:23:35,078 [WARN] DetailPanel:346 - Failed to get advertising image, set to default
2025-02-12 14:23:35,159 [FATAL] Updater:308 - Updater called before beeing initialized
2025-02-12 14:23:35,161 [FATAL] Updater:308 - Updater called before beeing initialized
2025-02-12 14:23:35,161 [FATAL] Updater:308 - Updater called before beeing initialized
2025-02-12 14:23:35,161 [WARN] DetailPanel:346 - Failed to get advertising image, set to default
2025-02-12 14:23:35,162 [FATAL] Updater:308 - Updater called before beeing initialized
2025-02-12 14:23:35,189 [INFO] ThirdPartyUpdaterWithRetryManager:70 - Updater plugin not ready yet. [2/15]
2025-02-12 14:23:35,237 [ERROR] Updater:1120 - MainUpdater not yet initialized. External WinMGr cannot be set.
2025-02-12 14:23:35,248 [INFO] Updater:1056 - Updater Version found : 6.10.0
2025-02-12 14:23:35,270 [INFO] ApplicationProperties:184 - Using Application install path: C:\ST\STM32CubeIDE_1.14.0\STM32CubeIDE\plugins\com.st.stm32cube.common.mx_6.10.0.202311202037
2025-02-12 14:23:36,545 [INFO] MainUpdater:2873 - connection check result : 10
2025-02-12 14:23:36,545 [INFO] MainUpdater:3567 - Updater definition file requires update
2025-02-12 14:23:36,547 [INFO] MainUpdater:290 - Updater Check For Update Now.
2025-02-12 14:23:36,547 [INFO] MicroXplorer:498 - Change Database Version : DB.6.0.100
2025-02-12 14:23:36,568 [INFO] McuFinderGlobals:63 - Set McuFinder mode to 2 (CubeIDE integrated)
2025-02-12 14:23:36,568 [INFO] UserAuth:180 - activating auth plugin
2025-02-12 14:23:36,571 [INFO] UserAuth:404 - Internet connection configuration mode: 1
2025-02-12 14:23:36,593 [INFO] JxBrowserEngine:152 - Initiate JxBrowser Engine with user profile folder
2025-02-12 14:23:37,659 [INFO] ServerAccessManage:473 - Download File updaters.zip
2025-02-12 14:23:38,190 [WARN] MainUpdater:1194 - Updater busy. Cannot search thirdparties
2025-02-12 14:23:38,190 [INFO] ThirdPartyUpdaterWithRetryManager:96 - Updater plugin is busy. [1/15]
2025-02-12 14:23:38,486 [INFO] FileExtend:240 - Unzip File : updaters.zip
2025-02-12 14:23:38,486 [INFO] FileExtend:255 - Standard Zip Deflate
2025-02-12 14:23:39,422 [INFO] WebApp:161 - Instantiating new browser for Auth
2025-02-12 14:23:39,959 [INFO] WebApp:780 - Register for checkConnection events
2025-02-12 14:23:39,959 [INFO] WebApp:414 - Apply proxy settings
2025-02-12 14:23:39,959 [INFO] WebApp:499 - Chromium requires no authentication
2025-02-12 14:23:39,967 [INFO] WebApp:442 - Direct internet connection detected
2025-02-12 14:23:40,111 [INFO] WebApp:192 - Starting web application
2025-02-12 14:23:40,111 [INFO] WebApp:544 - Web application path used C:\ST\STM32CubeIDE_1.14.0\STM32CubeIDE\plugins\com.st.stm32cube.common.mx_6.10.0.202311202037\db\plugins\mcufinder\reactClient1\index.html
2025-02-12 14:23:40,627 [INFO] ServerAccessManage:473 - Download File PacksControlFlags.xml
2025-02-12 14:23:41,185 [INFO] ServerAccessManage:473 - Download File cubemx.pidx
2025-02-12 14:23:41,191 [WARN] MainUpdater:1194 - Updater busy. Cannot search thirdparties
2025-02-12 14:23:41,191 [INFO] ThirdPartyUpdaterWithRetryManager:96 - Updater plugin is busy. [2/15]
2025-02-12 14:23:41,281 [INFO] LoadServerUpdatesThread:375 - End of LoadServerUpdate Thread
2025-02-12 14:23:41,437 [INFO] CheckServerUpdateThread:120 - End of CheckServer Thread
2025-02-12 14:23:44,332 [WARN] PackLoader:240 - Cannot read IP mode file for STMicroelectronics.X-CUBE-WB05N.1.1.0
2025-02-12 14:23:44,351 [WARN] PackLoader:240 - Cannot read IP mode file for STMicroelectronics.X-CUBE-NFC10.1.0.0
2025-02-12 14:23:44,378 [WARN] PackLoader:240 - Cannot read IP mode file for STMicroelectronics.X-CUBE-BLEMGR.4.0.0
2025-02-12 14:23:44,397 [WARN] PackLoader:240 - Cannot read IP mode file for STMicroelectronics.X-CUBE-AI.10.0.0
2025-02-12 14:23:44,478 [WARN] PackLoader:240 - Cannot read IP mode file for STMicroelectronics.X-CUBE-MEMS1.11.1.0
2025-02-12 14:23:44,627 [WARN] PackLoader:240 - Cannot read IP mode file for STMicroelectronics.X-CUBE-NFC9.1.0.0
2025-02-12 14:23:44,649 [ERROR] Engine:466 - C:\Users\psriniz\.stm32cubemx\thirdparties\pdsc\STMicroelectronics.X-CUBE-TCPP.4.2.0.pdsc: PDSC version is not supported
2025-02-12 14:23:44,665 [WARN] PackLoader:240 - Cannot read IP mode file for RealThread.X-CUBE-RT-Thread_Nano.4.1.1
2025-02-12 14:23:44,683 [WARN] PackLoader:240 - Cannot read IP mode file for STMicroelectronics.X-CUBE-AI.9.1.0
2025-02-12 14:23:44,702 [WARN] PackLoader:240 - Cannot read IP mode file for STMicroelectronics.X-CUBE-FREERTOS.1.3.0
2025-02-12 14:23:44,732 [WARN] PackLoader:240 - Cannot read IP mode file for STMicroelectronics.X-CUBE-IPS.3.0.0
2025-02-12 14:23:44,751 [WARN] PackLoader:240 - Cannot read IP mode file for STMicroelectronics.X-CUBE-GNSS1.7.0.1
2025-02-12 14:23:44,768 [WARN] PackLoader:240 - Cannot read IP mode file for Cesanta.I-CUBE-Mongoose.7.13.0
2025-02-12 14:23:44,786 [ERROR] Engine:466 - C:\Users\psriniz\.stm32cubemx\thirdparties\pdsc\STMicroelectronics.X-CUBE-IPS.3.1.0.pdsc: PDSC version is not supported
2025-02-12 14:23:44,804 [WARN] PackLoader:240 - Cannot read IP mode file for STMicroelectronics.X-CUBE-TOUCHGFX.4.24.2
2025-02-12 14:23:44,830 [WARN] PackLoader:240 - Cannot read IP mode file for STMicroelectronics.X-CUBE-TOF1.3.4.2
2025-02-12 14:23:44,843 [INFO] ThirdParty:978 - Integrity check success = true
2025-02-12 14:23:44,843 [INFO] IntegrityCheckThread:100 - exiting critical section [integrity check]
2025-02-12 14:23:44,843 [INFO] IntegrityCheckThread:103 - End integrity checks thread
2025-02-12 14:24:01,153 [ERROR] LogOutputStream:75 - [STDERR_REDIRECT] SLF4J: Failed to load class "org.slf4j.impl.StaticLoggerBinder".
2025-02-12 14:24:01,153 [ERROR] LogOutputStream:75 - [STDERR_REDIRECT] SLF4J: Defaulting to no-operation (NOP) logger implementation
2025-02-12 14:24:01,155 [ERROR] LogOutputStream:75 - [STDERR_REDIRECT] SLF4J: See http://www.slf4j.org/codes.html#StaticLoggerBinder for further details.
2025-02-12 15:03:01,074 [ERROR] ConfigurationRetriever:142 - IOException on connection: sw-center.st.com
2025-02-12 15:03:01,075 [ERROR] ConfigurationRetriever:142 - IOException on connection: sw-center.st.com
2025-02-12 15:03:01,075 [ERROR] ConfigurationRetriever:142 - IOException on connection: sw-center.st.com
2025-02-12 15:03:02,523 [ERROR] LogOutputStream:75 - [STDERR_REDIRECT] 
2025-02-12 15:13:13,100 [INFO] Activator:176 - 


2025-02-12 15:13:13,101 [INFO] Activator:177 - !SESSION log4j initialized
2025-02-12 15:13:17,476 [INFO] LogOutputStream:77 - [STDOUT_REDIRECT] 
2025-02-12 15:13:19,003 [INFO] ApplicationProperties:184 - Using Application install path: C:\ST\STM32CubeIDE_1.14.0\STM32CubeIDE\plugins\com.st.stm32cube.common.mx_6.10.0.202311202037
2025-02-12 15:13:19,011 [INFO] DbMcusXml:78 - Set database path to: C:\ST\STM32CubeIDE_1.14.0\STM32CubeIDE\plugins\com.st.stm32cube.common.mx_6.10.0.202311202037\\db\/mcu/
2025-02-12 15:13:19,011 [INFO] ApiDb:274 - Set plugin database path to: C:\ST\STM32CubeIDE_1.14.0\STM32CubeIDE\plugins\com.st.stm32cube.common.mx_6.10.0.202311202037\\db\/plugins/boardmanager/
2025-02-12 15:13:19,011 [WARN] ApiDb:259 - Overriding images path with different value:  => C:\ST\STM32CubeIDE_1.14.0\STM32CubeIDE\plugins\com.st.stm32cube.common.mx_6.10.0.202311202037\\db\/plugins/mcufinder/images/
2025-02-12 15:13:19,019 [INFO] ApiDb:250 - Set database path to: C:\Users\psriniz\.stmcufinder\plugins\mcufinder//mcu/
2025-02-12 15:13:19,020 [INFO] DbMcusAds:125 - Set database path to: C:\Users\psriniz\.stmcufinder\plugins\mcufinder//mcu/
2025-02-12 15:13:19,021 [INFO] CrossReferenceDbSqlite:203 - Set database path to: C:\Users\psriniz\.stmcufinder\plugins\mcufinder//mcu/cs/
2025-02-12 15:13:19,080 [INFO] RulesReader:64 - Compatibility file has been processed (297 Rules)
2025-02-12 15:13:19,125 [INFO] DbMcusXml:78 - Set database path to: C:\ST\STM32CubeIDE_1.14.0\STM32CubeIDE\plugins\com.st.stm32cube.common.mx_6.10.0.202311202037\\db\/mcu/
2025-02-12 15:13:19,125 [INFO] ApiDb:274 - Set plugin database path to: C:\ST\STM32CubeIDE_1.14.0\STM32CubeIDE\plugins\com.st.stm32cube.common.mx_6.10.0.202311202037\\db\/plugins/boardmanager/
2025-02-12 15:13:19,125 [INFO] ApiDb:261 - Set plugin images path to: C:\ST\STM32CubeIDE_1.14.0\STM32CubeIDE\plugins\com.st.stm32cube.common.mx_6.10.0.202311202037\\db\/plugins/mcufinder/images/
2025-02-12 15:13:19,125 [WARN] DbFile:41 - Overriding database path with different value: C:\Users\psriniz\.stmcufinder\plugins\mcufinder/ => C:\Users\psriniz\.stmcufinder\plugins\mcufinder
2025-02-12 15:13:19,125 [INFO] ApiDb:250 - Set database path to: C:\Users\psriniz\.stmcufinder\plugins\mcufinder//mcu/
2025-02-12 15:13:19,126 [WARN] DbFile:41 - Overriding database path with different value: C:\Users\psriniz\.stmcufinder\plugins\mcufinder/ => C:\Users\psriniz\.stmcufinder\plugins\mcufinder
2025-02-12 15:13:19,126 [INFO] DbMcusAds:125 - Set database path to: C:\Users\psriniz\.stmcufinder\plugins\mcufinder//mcu/
2025-02-12 15:13:19,126 [WARN] DbFile:41 - Overriding database path with different value: C:\Users\psriniz\.stmcufinder\plugins\mcufinder/ => C:\Users\psriniz\.stmcufinder\plugins\mcufinder
2025-02-12 15:13:19,126 [WARN] DbFile:41 - Overriding database path with different value: C:\Users\psriniz\.stmcufinder\plugins\mcufinder/ => C:\Users\psriniz\.stmcufinder\plugins\mcufinder
2025-02-12 15:13:19,126 [INFO] CrossReferenceDbSqlite:203 - Set database path to: C:\Users\psriniz\.stmcufinder\plugins\mcufinder//mcu/cs/
2025-02-12 15:13:19,166 [INFO] MainPanel:264 - HeapMemory: 268435456
2025-02-12 15:13:19,198 [INFO] DbMcusXml:78 - Set database path to: C:\ST\STM32CubeIDE_1.14.0\STM32CubeIDE\plugins\com.st.stm32cube.common.mx_6.10.0.202311202037\\db\/mcu/
2025-02-12 15:13:19,199 [INFO] ApiDb:274 - Set plugin database path to: C:\ST\STM32CubeIDE_1.14.0\STM32CubeIDE\plugins\com.st.stm32cube.common.mx_6.10.0.202311202037\\db\/plugins/boardmanager/
2025-02-12 15:13:19,199 [INFO] ApiDb:261 - Set plugin images path to: C:\ST\STM32CubeIDE_1.14.0\STM32CubeIDE\plugins\com.st.stm32cube.common.mx_6.10.0.202311202037\\db\/plugins/mcufinder/images/
2025-02-12 15:13:19,199 [WARN] DbFile:41 - Overriding database path with different value: C:\Users\psriniz\.stmcufinder\plugins\mcufinder/ => C:\Users\psriniz\.stmcufinder\plugins\mcufinder
2025-02-12 15:13:19,199 [INFO] ApiDb:250 - Set database path to: C:\Users\psriniz\.stmcufinder\plugins\mcufinder//mcu/
2025-02-12 15:13:19,199 [WARN] DbFile:41 - Overriding database path with different value: C:\Users\psriniz\.stmcufinder\plugins\mcufinder/ => C:\Users\psriniz\.stmcufinder\plugins\mcufinder
2025-02-12 15:13:19,199 [INFO] DbMcusAds:125 - Set database path to: C:\Users\psriniz\.stmcufinder\plugins\mcufinder//mcu/
2025-02-12 15:13:19,199 [WARN] DbFile:41 - Overriding database path with different value: C:\Users\psriniz\.stmcufinder\plugins\mcufinder/ => C:\Users\psriniz\.stmcufinder\plugins\mcufinder
2025-02-12 15:13:19,199 [WARN] DbFile:41 - Overriding database path with different value: C:\Users\psriniz\.stmcufinder\plugins\mcufinder/ => C:\Users\psriniz\.stmcufinder\plugins\mcufinder
2025-02-12 15:13:19,199 [INFO] CrossReferenceDbSqlite:203 - Set database path to: C:\Users\psriniz\.stmcufinder\plugins\mcufinder//mcu/cs/
2025-02-12 15:13:19,208 [INFO] ApplicationProperties:184 - Using Application install path: C:\ST\STM32CubeIDE_1.14.0\STM32CubeIDE\plugins\com.st.stm32cube.common.mx_6.10.0.202311202037
2025-02-12 15:13:19,209 [INFO] PluginManage:196 - Search for loadable plugins [exclusion list=, ]
2025-02-12 15:13:19,209 [INFO] PluginManage:310 - Check plugin analytics
2025-02-12 15:13:19,286 [INFO] AnalyticsPlugin:253 - Accepted Software Licenses: 
2025-02-12 15:13:19,287 [INFO] AnalyticsPlugin:255 - Accepted CMSIS Pack Licenses: 
2025-02-12 15:13:19,287 [INFO] AnalyticsPlugin:257 - Accepted Firmware Licenses: FW.F4.1.28.0,FW.H7.1.11.0
2025-02-12 15:13:19,288 [INFO] PluginManage:359 - Loaded plugin analytics (category:tool,tabindex:-1)
2025-02-12 15:13:19,289 [INFO] PluginManage:310 - Check plugin cadmodel
2025-02-12 15:13:19,302 [INFO] CADModel:105 - Init CAD model plugin
2025-02-12 15:13:19,302 [INFO] PluginManage:359 - Loaded plugin cadmodel (category:power,tabindex:5)
2025-02-12 15:13:19,302 [INFO] PluginManage:310 - Check plugin clock
2025-02-12 15:13:19,315 [INFO] PluginManage:359 - Loaded plugin clock (category:base,tabindex:2)
2025-02-12 15:13:19,316 [INFO] PluginManage:310 - Check plugin ddr
2025-02-12 15:13:19,316 [INFO] PluginManage:359 - Loaded plugin ddr (category:tool,tabindex:6)
2025-02-12 15:13:19,317 [INFO] PluginManage:310 - Check plugin filemanager
2025-02-12 15:13:19,393 [INFO] PluginManage:359 - Loaded plugin filemanager (category:base,tabindex:10)
2025-02-12 15:13:19,393 [INFO] PluginManage:310 - Check plugin ipmanager
2025-02-12 15:13:19,397 [INFO] PluginManage:359 - Loaded plugin ipmanager (category:base,tabindex:5)
2025-02-12 15:13:19,397 [INFO] PluginManage:310 - Check plugin lpbam
2025-02-12 15:13:19,411 [INFO] PluginManage:359 - Loaded plugin lpbam (category:base,tabindex:0)
2025-02-12 15:13:19,411 [INFO] PluginManage:310 - Check plugin memorymap
2025-02-12 15:13:19,427 [INFO] PluginManage:359 - Loaded plugin memorymap (category:base,tabindex:4)
2025-02-12 15:13:19,427 [INFO] PluginManage:310 - Check plugin pinoutandconfiguration
2025-02-12 15:13:19,439 [INFO] PluginManage:359 - Loaded plugin pinoutandconfiguration (category:base,tabindex:1)
2025-02-12 15:13:19,440 [INFO] PluginManage:310 - Check plugin pinoutconfig
2025-02-12 15:13:19,495 [WARN] SupportedApi:132 - Cannot load RTOS API schema: s4s-elt-must-match.1: The content of 'definitions' must match (annotation?, (simpleType | complexType)?, (unique | key | keyref)*)). A problem was found starting at: attribute.
2025-02-12 15:13:19,558 [INFO] PluginManage:359 - Loaded plugin pinoutconfig (category:base,tabindex:0)
2025-02-12 15:13:19,559 [INFO] PluginManage:310 - Check plugin power
2025-02-12 15:13:19,574 [INFO] PluginManage:359 - Loaded plugin power (category:power,tabindex:4)
2025-02-12 15:13:19,574 [INFO] PluginManage:310 - Check plugin projectmanager
2025-02-12 15:13:19,583 [INFO] PluginManage:359 - Loaded plugin projectmanager (category:projectmanager,tabindex:3)
2025-02-12 15:13:19,583 [INFO] PluginManage:310 - Check plugin thirdparty
2025-02-12 15:13:19,763 [INFO] PluginManage:359 - Loaded plugin thirdparty (category:base,tabindex:-1)
2025-02-12 15:13:19,763 [INFO] PluginManage:310 - Check plugin tools
2025-02-12 15:13:19,763 [WARN] IntegrityCheckThread:84 - waiting for thirdparty lock release [integrity check]
2025-02-12 15:13:19,764 [INFO] IntegrityCheckThread:86 - entering critical section [integrity check]
2025-02-12 15:13:19,765 [INFO] ThirdPartyUpdaterWithRetryManager:70 - Updater plugin not ready yet. [1/15]
2025-02-12 15:13:19,794 [INFO] PluginManage:359 - Loaded plugin tools (category:base,tabindex:7)
2025-02-12 15:13:19,795 [INFO] PluginManage:310 - Check plugin tutovideos
2025-02-12 15:13:19,899 [INFO] PluginManage:359 - Loaded plugin tutovideos (category:base,tabindex:-1)
2025-02-12 15:13:19,899 [INFO] PluginManage:310 - Check plugin updater
2025-02-12 15:13:19,903 [INFO] PluginManage:359 - Loaded plugin updater (category:base,tabindex:12)
2025-02-12 15:13:19,903 [INFO] PluginManage:310 - Check plugin userauth
2025-02-12 15:13:19,906 [INFO] UserAuth:114 - Init User Auth plugin
2025-02-12 15:13:19,906 [INFO] PluginManage:359 - Loaded plugin userauth (category:base,tabindex:14)
2025-02-12 15:13:19,906 [INFO] PluginManage:283 - PluginManage : Loaded plugins [17]
2025-02-12 15:13:20,032 [INFO] PinOutPanel:1499 - setPackage(No Configuration,No Configuration)
2025-02-12 15:13:20,083 [INFO] CADModel:165 - CPN selected for project level
2025-02-12 15:13:20,083 [INFO] CADModel:114 - Register for checkConnection events
2025-02-12 15:13:20,103 [INFO] IPUIPlugin:80 - create IPUIPlugin
2025-02-12 15:13:20,103 [INFO] PluginManager:220 - loadIPPluginJar : add adc
2025-02-12 15:13:20,134 [INFO] IPUIPlugin:80 - create IPUIPlugin
2025-02-12 15:13:20,134 [INFO] PluginManager:220 - loadIPPluginJar : add aes
2025-02-12 15:13:20,173 [INFO] IPUIPlugin:80 - create IPUIPlugin
2025-02-12 15:13:20,173 [INFO] PluginManager:220 - loadIPPluginJar : add can
2025-02-12 15:13:20,196 [INFO] IPUIPlugin:80 - create IPUIPlugin
2025-02-12 15:13:20,196 [INFO] PluginManager:220 - loadIPPluginJar : add comp
2025-02-12 15:13:20,225 [INFO] IPUIPlugin:80 - create IPUIPlugin
2025-02-12 15:13:20,225 [INFO] PluginManager:220 - loadIPPluginJar : add cryp
2025-02-12 15:13:20,250 [INFO] IPUIPlugin:80 - create IPUIPlugin
2025-02-12 15:13:20,251 [INFO] PluginManager:220 - loadIPPluginJar : add dfsdm
2025-02-12 15:13:20,266 [INFO] IPUIPlugin:80 - create IPUIPlugin
2025-02-12 15:13:20,266 [INFO] PluginManager:220 - loadIPPluginJar : add dma
2025-02-12 15:13:20,312 [INFO] IPUIPlugin:80 - create IPUIPlugin
2025-02-12 15:13:20,312 [INFO] PluginManager:220 - loadIPPluginJar : add dma3
2025-02-12 15:13:20,332 [INFO] IPUIPlugin:80 - create IPUIPlugin
2025-02-12 15:13:20,333 [INFO] PluginManager:220 - loadIPPluginJar : add fatfs
2025-02-12 15:13:20,376 [INFO] IPUIPlugin:80 - create IPUIPlugin
2025-02-12 15:13:20,376 [INFO] PluginManager:220 - loadIPPluginJar : add fmc
2025-02-12 15:13:20,392 [INFO] IPUIPlugin:80 - create IPUIPlugin
2025-02-12 15:13:20,392 [INFO] PluginManager:220 - loadIPPluginJar : add freertos
2025-02-12 15:13:20,417 [INFO] IPUIPlugin:80 - create IPUIPlugin
2025-02-12 15:13:20,417 [INFO] PluginManager:220 - loadIPPluginJar : add genericplugin
2025-02-12 15:13:20,502 [INFO] IPUIPlugin:80 - create IPUIPlugin
2025-02-12 15:13:20,502 [INFO] PluginManager:220 - loadIPPluginJar : add gfxmmu
2025-02-12 15:13:20,601 [INFO] IPUIPlugin:80 - create IPUIPlugin
2025-02-12 15:13:20,601 [INFO] PluginManager:220 - loadIPPluginJar : add gic
2025-02-12 15:13:20,611 [INFO] IPUIPlugin:80 - create IPUIPlugin
2025-02-12 15:13:20,611 [INFO] PluginManager:220 - loadIPPluginJar : add gpio
2025-02-12 15:13:20,677 [INFO] IPUIPlugin:80 - create IPUIPlugin
2025-02-12 15:13:20,677 [INFO] PluginManager:220 - loadIPPluginJar : add gtzc
2025-02-12 15:13:20,704 [INFO] IPUIPlugin:80 - create IPUIPlugin
2025-02-12 15:13:20,704 [INFO] PluginManager:220 - loadIPPluginJar : add hash
2025-02-12 15:13:20,744 [INFO] IPUIPlugin:80 - create IPUIPlugin
2025-02-12 15:13:20,744 [INFO] PluginManager:220 - loadIPPluginJar : add i2c
2025-02-12 15:13:20,773 [INFO] IPUIPlugin:80 - create IPUIPlugin
2025-02-12 15:13:20,773 [INFO] PluginManager:220 - loadIPPluginJar : add i2s
2025-02-12 15:13:20,803 [INFO] IPUIPlugin:80 - create IPUIPlugin
2025-02-12 15:13:20,804 [INFO] PluginManager:220 - loadIPPluginJar : add i3c
2025-02-12 15:13:20,873 [INFO] IPUIPlugin:80 - create IPUIPlugin
2025-02-12 15:13:20,873 [INFO] PluginManager:220 - loadIPPluginJar : add ipddr
2025-02-12 15:13:20,938 [INFO] IPUIPlugin:80 - create IPUIPlugin
2025-02-12 15:13:20,938 [INFO] PluginManager:220 - loadIPPluginJar : add linkedlist
2025-02-12 15:13:20,966 [INFO] IPUIPlugin:80 - create IPUIPlugin
2025-02-12 15:13:20,966 [INFO] PluginManager:220 - loadIPPluginJar : add lorawan
2025-02-12 15:13:20,994 [INFO] IPUIPlugin:80 - create IPUIPlugin
2025-02-12 15:13:20,994 [INFO] PluginManager:220 - loadIPPluginJar : add ltdc
2025-02-12 15:13:21,004 [INFO] IPUIPlugin:80 - create IPUIPlugin
2025-02-12 15:13:21,004 [INFO] PluginManager:220 - loadIPPluginJar : add mdma
2025-02-12 15:13:21,014 [INFO] IPUIPlugin:80 - create IPUIPlugin
2025-02-12 15:13:21,014 [INFO] PluginManager:220 - loadIPPluginJar : add nvic
2025-02-12 15:13:21,042 [INFO] IPUIPlugin:80 - create IPUIPlugin
2025-02-12 15:13:21,042 [INFO] PluginManager:220 - loadIPPluginJar : add opamp
2025-02-12 15:13:21,087 [INFO] IPUIPlugin:80 - create IPUIPlugin
2025-02-12 15:13:21,087 [INFO] PluginManager:220 - loadIPPluginJar : add openamp
2025-02-12 15:13:21,118 [INFO] IPUIPlugin:80 - create IPUIPlugin
2025-02-12 15:13:21,118 [INFO] PluginManager:220 - loadIPPluginJar : add pdm2pcm
2025-02-12 15:13:21,129 [INFO] IPUIPlugin:80 - create IPUIPlugin
2025-02-12 15:13:21,130 [INFO] PluginManager:220 - loadIPPluginJar : add plateformsettings
2025-02-12 15:13:21,148 [INFO] IPUIPlugin:80 - create IPUIPlugin
2025-02-12 15:13:21,148 [INFO] PluginManager:220 - loadIPPluginJar : add quadspi
2025-02-12 15:13:21,159 [INFO] IPUIPlugin:80 - create IPUIPlugin
2025-02-12 15:13:21,160 [INFO] PluginManager:220 - loadIPPluginJar : add resmgrutility
2025-02-12 15:13:21,201 [INFO] IPUIPlugin:80 - create IPUIPlugin
2025-02-12 15:13:21,201 [INFO] PluginManager:220 - loadIPPluginJar : add sai
2025-02-12 15:13:21,232 [INFO] IPUIPlugin:80 - create IPUIPlugin
2025-02-12 15:13:21,232 [INFO] PluginManager:220 - loadIPPluginJar : add spi
2025-02-12 15:13:21,283 [INFO] IPUIPlugin:80 - create IPUIPlugin
2025-02-12 15:13:21,283 [INFO] PluginManager:220 - loadIPPluginJar : add stm32_wpan
2025-02-12 15:13:21,302 [INFO] IPUIPlugin:80 - create IPUIPlugin
2025-02-12 15:13:21,302 [INFO] PluginManager:220 - loadIPPluginJar : add tim
2025-02-12 15:13:21,342 [INFO] IPUIPlugin:80 - create IPUIPlugin
2025-02-12 15:13:21,342 [INFO] PluginManager:220 - loadIPPluginJar : add touchsensing
2025-02-12 15:13:21,359 [INFO] IPUIPlugin:80 - create IPUIPlugin
2025-02-12 15:13:21,359 [INFO] PluginManager:220 - loadIPPluginJar : add tracer_emb
2025-02-12 15:13:21,377 [INFO] IPUIPlugin:80 - create IPUIPlugin
2025-02-12 15:13:21,378 [INFO] PluginManager:220 - loadIPPluginJar : add ts
2025-02-12 15:13:21,394 [INFO] IPUIPlugin:80 - create IPUIPlugin
2025-02-12 15:13:21,394 [INFO] PluginManager:220 - loadIPPluginJar : add tsc
2025-02-12 15:13:21,412 [INFO] IPUIPlugin:80 - create IPUIPlugin
2025-02-12 15:13:21,412 [INFO] PluginManager:220 - loadIPPluginJar : add ucpd
2025-02-12 15:13:21,445 [INFO] IPUIPlugin:80 - create IPUIPlugin
2025-02-12 15:13:21,445 [INFO] PluginManager:220 - loadIPPluginJar : add usart
2025-02-12 15:13:21,479 [INFO] IPUIPlugin:80 - create IPUIPlugin
2025-02-12 15:13:21,479 [INFO] PluginManager:220 - loadIPPluginJar : add usbx
2025-02-12 15:13:21,582 [INFO] CADModel:165 - CPN selected for project level
2025-02-12 15:13:21,583 [INFO] CADModel:114 - Register for checkConnection events
2025-02-12 15:13:21,583 [FATAL] Updater:308 - Updater called before beeing initialized
2025-02-12 15:13:21,583 [ERROR] CADModel:125 - Updater not yet initialized, retry later 
2025-02-12 15:13:21,652 [INFO] CADModel:165 - CPN selected for project level
2025-02-12 15:13:21,652 [INFO] CADModel:114 - Register for checkConnection events
2025-02-12 15:13:21,652 [FATAL] Updater:308 - Updater called before beeing initialized
2025-02-12 15:13:21,652 [ERROR] CADModel:125 - Updater not yet initialized, retry later 
2025-02-12 15:13:21,653 [FATAL] Updater:308 - Updater called before beeing initialized
2025-02-12 15:13:21,710 [FATAL] Updater:308 - Updater called before beeing initialized
2025-02-12 15:13:21,720 [INFO] DbMcusAds:53 - JSON generation date=Tue Dec 17 21:31:15 IST 2024 (1734451275111)
2025-02-12 15:13:21,720 [FATAL] Updater:308 - Updater called before beeing initialized
2025-02-12 15:13:21,775 [WARN] DetailPanel:346 - Failed to get advertising image, set to default
2025-02-12 15:13:21,824 [FATAL] Updater:308 - Updater called before beeing initialized
2025-02-12 15:13:21,825 [FATAL] Updater:308 - Updater called before beeing initialized
2025-02-12 15:13:21,825 [FATAL] Updater:308 - Updater called before beeing initialized
2025-02-12 15:13:21,826 [WARN] DetailPanel:346 - Failed to get advertising image, set to default
2025-02-12 15:13:21,826 [FATAL] Updater:308 - Updater called before beeing initialized
2025-02-12 15:13:21,863 [ERROR] Updater:1120 - MainUpdater not yet initialized. External WinMGr cannot be set.
2025-02-12 15:13:21,871 [INFO] Updater:1056 - Updater Version found : 6.10.0
2025-02-12 15:13:21,882 [INFO] ApplicationProperties:184 - Using Application install path: C:\ST\STM32CubeIDE_1.14.0\STM32CubeIDE\plugins\com.st.stm32cube.common.mx_6.10.0.202311202037
2025-02-12 15:13:22,766 [INFO] ThirdPartyUpdaterWithRetryManager:70 - Updater plugin not ready yet. [2/15]
2025-02-12 15:13:22,805 [INFO] MainUpdater:2873 - connection check result : 10
2025-02-12 15:13:22,805 [INFO] MainUpdater:290 - Updater Check For Update Now.
2025-02-12 15:13:22,806 [INFO] MicroXplorer:498 - Change Database Version : DB.6.0.100
2025-02-12 15:13:22,816 [INFO] McuFinderGlobals:63 - Set McuFinder mode to 2 (CubeIDE integrated)
2025-02-12 15:13:22,816 [INFO] UserAuth:180 - activating auth plugin
2025-02-12 15:13:22,817 [INFO] UserAuth:404 - Internet connection configuration mode: 1
2025-02-12 15:13:22,836 [INFO] JxBrowserEngine:152 - Initiate JxBrowser Engine with user profile folder
2025-02-12 15:13:22,967 [INFO] CheckServerUpdateThread:120 - End of CheckServer Thread
2025-02-12 15:13:24,248 [INFO] WebApp:161 - Instantiating new browser for Auth
2025-02-12 15:13:24,519 [INFO] WebApp:780 - Register for checkConnection events
2025-02-12 15:13:24,519 [INFO] WebApp:414 - Apply proxy settings
2025-02-12 15:13:24,519 [INFO] WebApp:499 - Chromium requires no authentication
2025-02-12 15:13:24,523 [INFO] WebApp:442 - Direct internet connection detected
2025-02-12 15:13:24,593 [INFO] WebApp:192 - Starting web application
2025-02-12 15:13:24,593 [INFO] WebApp:544 - Web application path used C:\ST\STM32CubeIDE_1.14.0\STM32CubeIDE\plugins\com.st.stm32cube.common.mx_6.10.0.202311202037\db\plugins\mcufinder\reactClient1\index.html
2025-02-12 15:13:25,850 [WARN] PackLoader:240 - Cannot read IP mode file for STMicroelectronics.X-CUBE-WB05N.1.1.0
2025-02-12 15:13:25,864 [WARN] PackLoader:240 - Cannot read IP mode file for STMicroelectronics.X-CUBE-NFC10.1.0.0
2025-02-12 15:13:25,879 [WARN] PackLoader:240 - Cannot read IP mode file for STMicroelectronics.X-CUBE-BLEMGR.4.0.0
2025-02-12 15:13:25,891 [WARN] PackLoader:240 - Cannot read IP mode file for STMicroelectronics.X-CUBE-AI.10.0.0
2025-02-12 15:13:25,930 [WARN] PackLoader:240 - Cannot read IP mode file for STMicroelectronics.X-CUBE-MEMS1.11.1.0
2025-02-12 15:13:26,005 [WARN] PackLoader:240 - Cannot read IP mode file for STMicroelectronics.X-CUBE-NFC9.1.0.0
2025-02-12 15:13:26,019 [ERROR] Engine:466 - C:\Users\psriniz\.stm32cubemx\thirdparties\pdsc\STMicroelectronics.X-CUBE-TCPP.4.2.0.pdsc: PDSC version is not supported
2025-02-12 15:13:26,031 [WARN] PackLoader:240 - Cannot read IP mode file for RealThread.X-CUBE-RT-Thread_Nano.4.1.1
2025-02-12 15:13:26,043 [WARN] PackLoader:240 - Cannot read IP mode file for STMicroelectronics.X-CUBE-AI.9.1.0
2025-02-12 15:13:26,055 [WARN] PackLoader:240 - Cannot read IP mode file for STMicroelectronics.X-CUBE-FREERTOS.1.3.0
2025-02-12 15:13:26,074 [WARN] PackLoader:240 - Cannot read IP mode file for STMicroelectronics.X-CUBE-IPS.3.0.0
2025-02-12 15:13:26,089 [WARN] PackLoader:240 - Cannot read IP mode file for STMicroelectronics.X-CUBE-GNSS1.7.0.1
2025-02-12 15:13:26,100 [WARN] PackLoader:240 - Cannot read IP mode file for Cesanta.I-CUBE-Mongoose.7.13.0
2025-02-12 15:13:26,113 [ERROR] Engine:466 - C:\Users\psriniz\.stm32cubemx\thirdparties\pdsc\STMicroelectronics.X-CUBE-IPS.3.1.0.pdsc: PDSC version is not supported
2025-02-12 15:13:26,126 [WARN] PackLoader:240 - Cannot read IP mode file for STMicroelectronics.X-CUBE-TOUCHGFX.4.24.2
2025-02-12 15:13:26,141 [WARN] PackLoader:240 - Cannot read IP mode file for STMicroelectronics.X-CUBE-TOF1.3.4.2
2025-02-12 15:13:26,146 [INFO] ThirdParty:978 - Integrity check success = true
2025-02-12 15:13:26,146 [INFO] IntegrityCheckThread:100 - exiting critical section [integrity check]
2025-02-12 15:13:26,146 [INFO] IntegrityCheckThread:103 - End integrity checks thread
2025-02-12 15:13:29,656 [INFO] McuFinderGlobals:63 - Set McuFinder mode to 2 (CubeIDE integrated)
2025-02-12 15:13:29,674 [INFO] MainUpdater:2873 - connection check result : 10
2025-02-12 15:13:30,043 [INFO] ApiDb:581 - Connected to CubeFinder SQLite database (C:\Users\psriniz\.stmcufinder\plugins\mcufinder\mcu\cube-finder-db.db)
2025-02-12 15:13:30,108 [INFO] ApiDb:668 - CubeFinder database Data Model version=2.1
2025-02-12 15:13:30,108 [INFO] ApiDb:669 - CubeFinder database Configuration version=3.0.39
2025-02-12 15:13:30,108 [INFO] ApiDb:670 - CubeFinder database generation date=2025-02-07 (1738919966)
2025-02-12 15:13:30,108 [INFO] ApiDb:671 - CubeFinder database FW Pack versions=[FP-ATR-ASTRA1_V2.0.0, FP-SNS-FLIGHT1_V5.0.2, FP-SNS-MOTENV1_V5.0.0, FP-SNS-MOTENVWB1_V1.4.0, FP-SNS-SMARTAG2_V1.2.0, FP-SNS-STBOX1_V2.0.0, STM32Cube_FW_C0_V1.3.0, STM32Cube_FW_F4_V1.28.1, STM32Cube_FW_F7_V1.17.2, STM32Cube_FW_G0_V1.6.2, STM32Cube_FW_G4_V1.6.1, STM32Cube_FW_H5_V1.4.0, STM32Cube_FW_H7RS_V1.1.0, STM32Cube_FW_H7_V1.12.0, STM32Cube_FW_L0_V1.12.2, STM32Cube_FW_L4_V1.18.1, STM32Cube_FW_L5_V1.5.1, STM32Cube_FW_N6_V1.0.0, STM32Cube_FW_U0_V1.2.0, STM32Cube_FW_U3_V1.0.0, STM32Cube_FW_U5_V1.7.0, STM32Cube_FW_WB0_V1.1.0, STM32Cube_FW_WBA_V1.5.0, STM32Cube_FW_WB_V1.21.0, STM32Cube_FW_WL3_V1.0.0, STM32Cube_FW_WL_V1.3.0, X-CUBE-ALGOBUILD_V1.4.0, X-CUBE-ALS_V1.0.2, X-CUBE-AZRTOS-F4_V1.1.0, X-CUBE-AZRTOS-F7_V1.1.0, X-CUBE-AZRTOS-G0_V1.1.0, X-CUBE-AZRTOS-G4_V2.0.0, X-CUBE-AZRTOS-H7RS_V1.0.0, X-CUBE-AZRTOS-H7_V3.3.0, X-CUBE-AZRTOS-L4_V2.0.0, X-CUBE-AZRTOS-L5_V2.0.0, X-CUBE-AZRTOS-WB_V2.0.0, X-CUBE-AZRTOS-WL_V2.0.0, X-CUBE-BLE1_V7.0.0, X-CUBE-BLE2_V3.3.0, X-CUBE-BLEMGR_V4.0.0, X-CUBE-EEPRMA1_V5.1.0, X-CUBE-FREERTOS_V1.2.0, X-CUBE-GNSS1_V6.0.0, X-CUBE-MEMS1_V11.1.0, X-CUBE-NFC4_V3.0.0, X-CUBE-NFC7_V1.0.1, X-CUBE-SFXS2LP1_V4.0.0, X-CUBE-SUBG2_V5.0.0, X-CUBE-TOF1_V3.4.2]
2025-02-12 15:13:30,189 [INFO] DbBoardsSqlite:226 - include board P-NUCLEO-WB55-NUCLEO as a kit item of type 'Nucleo-64'
2025-02-12 15:13:30,189 [INFO] DbBoardsSqlite:226 - include board P-NUCLEO-WB55-USBDONGLE as a kit item of type 'Nucleo USB Dongle'
2025-02-12 15:13:30,190 [INFO] DbBoardsSqlite:226 - include board STEVAL-IDP005V1 as a kit item of type 'Evaluation Board'
2025-02-12 15:13:30,190 [INFO] DbBoardsSqlite:226 - include board STEVAL-IDP005V2 as a kit item of type 'Evaluation Board'
2025-02-12 15:13:30,374 [INFO] ApiDb:240 - Found 371 in-development CPN: [B-G473E-ZEST1S, B-WB1M-WPAN1, B-WL5M-SUBG1, NUCLEO-C031C6, NUCLEO-H503RB, NUCLEO-H563ZI, NUCLEO-U545RE-Q, NUCLEO-U5A5ZJ-Q, NUCLEO-WBA52CG, NUCLEO-WBA55CG, STEVAL-MKBOXPRO, STEVAL-PROTEUS1, STEVAL-STWINBX1, STM320518-EVAL, STM32C0116-DK, STM32C011D6Y3TR, STM32C011D6Y6TR, STM32C011F4P3, STM32C011F4P6, STM32C011F4U3, STM32C011F4U6TR, STM32C011F6P3, STM32C011F6P6, STM32C011F6U3, STM32C011F6U6TR, STM32C011J4M3, STM32C011J4M6, STM32C011J6M3, STM32C011J6M6, STM32C0316-DK, STM32C031C4T3, STM32C031C4T6, STM32C031C4U3, STM32C031C4U6, STM32C031C6T3, STM32C031C6T6, STM32C031C6U3, STM32C031C6U6, STM32C031F4P3, STM32C031F4P6, STM32C031F6P3, STM32C031F6P6, STM32C031G4U3, STM32C031G4U6, STM32C031G6U3, STM32C031G6U6, STM32C031K4T3, STM32C031K4T6, STM32C031K4U3, STM32C031K4U6, STM32C031K6T3, STM32C031K6T6, STM32C031K6U3, STM32C031K6U6, STM32G071K8TXN, STM32G071K8UXN, STM32G081GBU6N, STM32G081KBT6N, STM32G081KBUXN, STM32G0B1CCT6N, STM32G0B1KCT6, STM32G0B1NEY6TR, STM32G0B1RCT6N, STM32G0C1CCT6, STM32G0C1CCT6N, STM32G0C1CCU6N, STM32G0C1CET6N, STM32G0C1CEU6N, STM32G0C1KCT6, STM32G0C1NEY6TR, STM32G0C1RCI6N, STM32G0C1RCT6N, STM32G0C1REI6N, STM32G0C1RET6N, STM32G0C1VCI6, STM32G0C1VEI6, STM32G471CCT6, STM32G471CCU6, STM32G471CET3, STM32G471CET6, STM32G471CEU3, STM32G471CEU6, STM32G471MCT6, STM32G471MET3, STM32G471MET6, STM32G471MEY6TR, STM32G471QCT6, STM32G471QET3, STM32G471RCT6, STM32G471RET3, STM32G471RET6, STM32G471VCH6, STM32G471VCI6, STM32G471VCT6, STM32G471VEH3, STM32G471VEH6, STM32G471VEI3, STM32G471VEI6, STM32G471VET3, STM32G471VET6, STM32G474CCT6, STM32H503CBT6, STM32H503CBU6, STM32H503EBY6TR, STM32H503KBU6, STM32H503RBT6, STM32H562AGI6, STM32H562AII6, STM32H562IGK6, STM32H562IGT6, STM32H562IIK6, STM32H562IIT6, STM32H562RGT6, STM32H562RGV6, STM32H562RIT6, STM32H562RIV6, STM32H562VGT6, STM32H562VIT6, STM32H562ZGT6, STM32H562ZIT6, STM32H563AGI6, STM32H563AII3Q, STM32H563AII6, STM32H563IGK6, STM32H563IGT6, STM32H563IIK3Q, STM32H563IIK6, STM32H563IIT3Q, STM32H563IIT6, STM32H563MIY3QTR, STM32H563RGT6, STM32H563RGV6, STM32H563RIT6, STM32H563RIV6, STM32H563VGT6, STM32H563VIT3Q, STM32H563VIT6, STM32H563ZGT6, STM32H563ZIT3Q, STM32H563ZIT6, STM32H573AII3Q, STM32H573AII6, STM32H573I-DK, STM32H573IIK3Q, STM32H573IIK6, STM32H573IIT3Q, STM32H573IIT6, STM32H573MIY3QTR, STM32H573RIT6, STM32H573RIV6, STM32H573VIT3Q, STM32H573VIT6, STM32H573ZIT3Q, STM32H573ZIT6, STM32L4R5QGI6STR, STM32MP131AAE3, STM32MP131AAF3, STM32MP131AAG3, STM32MP131CAE3, STM32MP131CAF3, STM32MP131CAG3, STM32MP131DAE7, STM32MP131DAF7, STM32MP131DAG7, STM32MP131FAE7, STM32MP131FAF7, STM32MP131FAG7, STM32MP133AAE3, STM32MP133AAF3, STM32MP133AAG3, STM32MP133CAE3, STM32MP133CAF3, STM32MP133CAG3, STM32MP133DAE7, STM32MP133DAF7, STM32MP133DAG7, STM32MP133FAE7, STM32MP133FAF7, STM32MP133FAG7, STM32MP135AAE3, STM32MP135AAF3, STM32MP135AAG3, STM32MP135CAE3, STM32MP135CAF3, STM32MP135CAG3, STM32MP135DAE7, STM32MP135DAF7, STM32MP135DAG7, STM32MP135F-DK, STM32MP135FAE7, STM32MP135FAF7, STM32MP135FAF7T, STM32MP135FAF7U, STM32MP135FAG7, STM32U535CBT6, STM32U535CBT6Q, STM32U535CBU6, STM32U535CBU6Q, STM32U535CCT6, STM32U535CCT6Q, STM32U535CCU6, STM32U535CCU6Q, STM32U535CET6, STM32U535CET6Q, STM32U535CEU6, STM32U535CEU6Q, STM32U535JEY6QTR, STM32U535NCY6QTR, STM32U535NEY6QTR, STM32U535RBI6, STM32U535RBI6Q, STM32U535RBT6, STM32U535RBT6Q, STM32U535RCI6, STM32U535RCI6Q, STM32U535RCT6, STM32U535RCT6Q, STM32U535REI6, STM32U535REI6Q, STM32U535RET6, STM32U535RET6Q, STM32U535VCI6, STM32U535VCI6Q, STM32U535VCT6, STM32U535VCT6Q, STM32U535VEI6, STM32U535VEI6Q, STM32U535VET6, STM32U535VET6Q, STM32U545CET6, STM32U545CET6Q, STM32U545CEU6, STM32U545CEU6Q, STM32U545JEY6QTR, STM32U545NEY6QTR, STM32U545REI6, STM32U545REI6Q, STM32U545RET6, STM32U545RET6Q, STM32U545VEI6, STM32U545VEI6Q, STM32U545VET6, STM32U545VET6Q, STM32U595AIH6, STM32U595AIH6Q, STM32U595AJH6, STM32U595AJH6Q, STM32U595QII6, STM32U595QII6Q, STM32U595QJI6, STM32U595QJI6Q, STM32U595RIT6, STM32U595RIT6Q, STM32U595RJT6, STM32U595RJT6Q, STM32U595VIT6, STM32U595VIT6Q, STM32U595VJT6, STM32U595VJT6Q, STM32U595ZIT6, STM32U595ZIT6Q, STM32U595ZIY6QTR, STM32U595ZJT6, STM32U595ZJT6Q, STM32U595ZJY6QTR, STM32U599BJY6QTR, STM32U599NIH6Q, STM32U599NJH6Q, STM32U599VIT6Q, STM32U599VJT6, STM32U599VJT6Q, STM32U599ZIT6Q, STM32U599ZIY6QTR, STM32U599ZJT6Q, STM32U599ZJY6QTR, STM32U5A5AJH6, STM32U5A5AJH6Q, STM32U5A5QJI6, STM32U5A5QJI6Q, STM32U5A5RJT6, STM32U5A5RJT6Q, STM32U5A5VJT6, STM32U5A5VJT6Q, STM32U5A5ZJT6, STM32U5A5ZJT6Q, STM32U5A5ZJY6QTR, STM32U5A9BJY6QTR, STM32U5A9J-DK, STM32U5A9NJH6Q, STM32U5A9VJT6Q, STM32U5A9ZJT6Q, STM32U5A9ZJY6QTR, STM32U5F7VIT6, STM32U5F7VIT6Q, STM32U5F7VJT6, STM32U5F7VJT6Q, STM32U5F9BJY6QTR, STM32U5F9NJH6Q, STM32U5F9VIT6Q, STM32U5F9VJT6Q, STM32U5F9ZIJ6QTR, STM32U5F9ZIT6Q, STM32U5F9ZJJ6QTR, STM32U5F9ZJT6Q, STM32U5G7VJT6, STM32U5G7VJT6Q, STM32U5G9BJY6QTR, STM32U5G9J-DK1, STM32U5G9J-DK2, STM32U5G9NJH6Q, STM32U5G9VJT6Q, STM32U5G9ZJJ6QTR, STM32U5G9ZJT6Q, STM32WB1MMCH6, STM32WBA50KEU6, STM32WBA50KEU6TR, STM32WBA50KGU6, STM32WBA50KGU6TR, STM32WBA52CEU6, STM32WBA52CEU6TR, STM32WBA52CEU7, STM32WBA52CEU7TR, STM32WBA52CGU6, STM32WBA52CGU6TR, STM32WBA52CGU6U, STM32WBA52CGU7, STM32WBA52CGU7TR, STM32WBA52KEU6, STM32WBA52KEU6TR, STM32WBA52KGU6, STM32WBA52KGU6TR, STM32WBA54CEU6, STM32WBA54CEU6TR, STM32WBA54CEU7, STM32WBA54CEU7TR, STM32WBA54CGU6, STM32WBA54CGU6TR, STM32WBA54CGU7, STM32WBA54CGU7TR, STM32WBA54KEU6, STM32WBA54KEU6TR, STM32WBA54KEU7, STM32WBA54KEU7TR, STM32WBA54KGU6, STM32WBA54KGU6TR, STM32WBA54KGU7, STM32WBA54KGU7TR, STM32WBA55CEU6, STM32WBA55CEU6TR, STM32WBA55CEU7, STM32WBA55CEU7TR, STM32WBA55CGU6, STM32WBA55CGU6TR, STM32WBA55CGU6U, STM32WBA55CGU7, STM32WBA55CGU7TR, STM32WBA55G-DK1, STM32WBA55HEF6, STM32WBA55HEF7, STM32WBA55HGF6, STM32WBA55HGF7, STM32WBA55UEI6, STM32WBA55UEI6TR, STM32WBA55UEI7, STM32WBA55UEI7TR, STM32WBA55UGI6, STM32WBA55UGI6TR, STM32WBA55UGI7, STM32WBA55UGI7TR, STM32WL5MOCH6, STM32WL5MOCH6TR]
2025-02-12 15:13:30,376 [INFO] ApiDb:668 - CubeFinder database Data Model version=2.1
2025-02-12 15:13:30,376 [INFO] ApiDb:669 - CubeFinder database Configuration version=3.0.39
2025-02-12 15:13:30,377 [INFO] ApiDb:670 - CubeFinder database generation date=2025-02-07 (1738919966)
2025-02-12 15:13:30,377 [INFO] ApiDb:671 - CubeFinder database FW Pack versions=[FP-ATR-ASTRA1_V2.0.0, FP-SNS-FLIGHT1_V5.0.2, FP-SNS-MOTENV1_V5.0.0, FP-SNS-MOTENVWB1_V1.4.0, FP-SNS-SMARTAG2_V1.2.0, FP-SNS-STBOX1_V2.0.0, STM32Cube_FW_C0_V1.3.0, STM32Cube_FW_F4_V1.28.1, STM32Cube_FW_F7_V1.17.2, STM32Cube_FW_G0_V1.6.2, STM32Cube_FW_G4_V1.6.1, STM32Cube_FW_H5_V1.4.0, STM32Cube_FW_H7RS_V1.1.0, STM32Cube_FW_H7_V1.12.0, STM32Cube_FW_L0_V1.12.2, STM32Cube_FW_L4_V1.18.1, STM32Cube_FW_L5_V1.5.1, STM32Cube_FW_N6_V1.0.0, STM32Cube_FW_U0_V1.2.0, STM32Cube_FW_U3_V1.0.0, STM32Cube_FW_U5_V1.7.0, STM32Cube_FW_WB0_V1.1.0, STM32Cube_FW_WBA_V1.5.0, STM32Cube_FW_WB_V1.21.0, STM32Cube_FW_WL3_V1.0.0, STM32Cube_FW_WL_V1.3.0, X-CUBE-ALGOBUILD_V1.4.0, X-CUBE-ALS_V1.0.2, X-CUBE-AZRTOS-F4_V1.1.0, X-CUBE-AZRTOS-F7_V1.1.0, X-CUBE-AZRTOS-G0_V1.1.0, X-CUBE-AZRTOS-G4_V2.0.0, X-CUBE-AZRTOS-H7RS_V1.0.0, X-CUBE-AZRTOS-H7_V3.3.0, X-CUBE-AZRTOS-L4_V2.0.0, X-CUBE-AZRTOS-L5_V2.0.0, X-CUBE-AZRTOS-WB_V2.0.0, X-CUBE-AZRTOS-WL_V2.0.0, X-CUBE-BLE1_V7.0.0, X-CUBE-BLE2_V3.3.0, X-CUBE-BLEMGR_V4.0.0, X-CUBE-EEPRMA1_V5.1.0, X-CUBE-FREERTOS_V1.2.0, X-CUBE-GNSS1_V6.0.0, X-CUBE-MEMS1_V11.1.0, X-CUBE-NFC4_V3.0.0, X-CUBE-NFC7_V1.0.1, X-CUBE-SFXS2LP1_V4.0.0, X-CUBE-SUBG2_V5.0.0, X-CUBE-TOF1_V3.4.2]
2025-02-12 15:13:31,527 [INFO] ApiDb:240 - Found 371 in-development CPN: [B-G473E-ZEST1S, B-WB1M-WPAN1, B-WL5M-SUBG1, NUCLEO-C031C6, NUCLEO-H503RB, NUCLEO-H563ZI, NUCLEO-U545RE-Q, NUCLEO-U5A5ZJ-Q, NUCLEO-WBA52CG, NUCLEO-WBA55CG, STEVAL-MKBOXPRO, STEVAL-PROTEUS1, STEVAL-STWINBX1, STM320518-EVAL, STM32C0116-DK, STM32C011D6Y3TR, STM32C011D6Y6TR, STM32C011F4P3, STM32C011F4P6, STM32C011F4U3, STM32C011F4U6TR, STM32C011F6P3, STM32C011F6P6, STM32C011F6U3, STM32C011F6U6TR, STM32C011J4M3, STM32C011J4M6, STM32C011J6M3, STM32C011J6M6, STM32C0316-DK, STM32C031C4T3, STM32C031C4T6, STM32C031C4U3, STM32C031C4U6, STM32C031C6T3, STM32C031C6T6, STM32C031C6U3, STM32C031C6U6, STM32C031F4P3, STM32C031F4P6, STM32C031F6P3, STM32C031F6P6, STM32C031G4U3, STM32C031G4U6, STM32C031G6U3, STM32C031G6U6, STM32C031K4T3, STM32C031K4T6, STM32C031K4U3, STM32C031K4U6, STM32C031K6T3, STM32C031K6T6, STM32C031K6U3, STM32C031K6U6, STM32G071K8TXN, STM32G071K8UXN, STM32G081GBU6N, STM32G081KBT6N, STM32G081KBUXN, STM32G0B1CCT6N, STM32G0B1KCT6, STM32G0B1NEY6TR, STM32G0B1RCT6N, STM32G0C1CCT6, STM32G0C1CCT6N, STM32G0C1CCU6N, STM32G0C1CET6N, STM32G0C1CEU6N, STM32G0C1KCT6, STM32G0C1NEY6TR, STM32G0C1RCI6N, STM32G0C1RCT6N, STM32G0C1REI6N, STM32G0C1RET6N, STM32G0C1VCI6, STM32G0C1VEI6, STM32G471CCT6, STM32G471CCU6, STM32G471CET3, STM32G471CET6, STM32G471CEU3, STM32G471CEU6, STM32G471MCT6, STM32G471MET3, STM32G471MET6, STM32G471MEY6TR, STM32G471QCT6, STM32G471QET3, STM32G471RCT6, STM32G471RET3, STM32G471RET6, STM32G471VCH6, STM32G471VCI6, STM32G471VCT6, STM32G471VEH3, STM32G471VEH6, STM32G471VEI3, STM32G471VEI6, STM32G471VET3, STM32G471VET6, STM32G474CCT6, STM32H503CBT6, STM32H503CBU6, STM32H503EBY6TR, STM32H503KBU6, STM32H503RBT6, STM32H562AGI6, STM32H562AII6, STM32H562IGK6, STM32H562IGT6, STM32H562IIK6, STM32H562IIT6, STM32H562RGT6, STM32H562RGV6, STM32H562RIT6, STM32H562RIV6, STM32H562VGT6, STM32H562VIT6, STM32H562ZGT6, STM32H562ZIT6, STM32H563AGI6, STM32H563AII3Q, STM32H563AII6, STM32H563IGK6, STM32H563IGT6, STM32H563IIK3Q, STM32H563IIK6, STM32H563IIT3Q, STM32H563IIT6, STM32H563MIY3QTR, STM32H563RGT6, STM32H563RGV6, STM32H563RIT6, STM32H563RIV6, STM32H563VGT6, STM32H563VIT3Q, STM32H563VIT6, STM32H563ZGT6, STM32H563ZIT3Q, STM32H563ZIT6, STM32H573AII3Q, STM32H573AII6, STM32H573I-DK, STM32H573IIK3Q, STM32H573IIK6, STM32H573IIT3Q, STM32H573IIT6, STM32H573MIY3QTR, STM32H573RIT6, STM32H573RIV6, STM32H573VIT3Q, STM32H573VIT6, STM32H573ZIT3Q, STM32H573ZIT6, STM32L4R5QGI6STR, STM32MP131AAE3, STM32MP131AAF3, STM32MP131AAG3, STM32MP131CAE3, STM32MP131CAF3, STM32MP131CAG3, STM32MP131DAE7, STM32MP131DAF7, STM32MP131DAG7, STM32MP131FAE7, STM32MP131FAF7, STM32MP131FAG7, STM32MP133AAE3, STM32MP133AAF3, STM32MP133AAG3, STM32MP133CAE3, STM32MP133CAF3, STM32MP133CAG3, STM32MP133DAE7, STM32MP133DAF7, STM32MP133DAG7, STM32MP133FAE7, STM32MP133FAF7, STM32MP133FAG7, STM32MP135AAE3, STM32MP135AAF3, STM32MP135AAG3, STM32MP135CAE3, STM32MP135CAF3, STM32MP135CAG3, STM32MP135DAE7, STM32MP135DAF7, STM32MP135DAG7, STM32MP135F-DK, STM32MP135FAE7, STM32MP135FAF7, STM32MP135FAF7T, STM32MP135FAF7U, STM32MP135FAG7, STM32U535CBT6, STM32U535CBT6Q, STM32U535CBU6, STM32U535CBU6Q, STM32U535CCT6, STM32U535CCT6Q, STM32U535CCU6, STM32U535CCU6Q, STM32U535CET6, STM32U535CET6Q, STM32U535CEU6, STM32U535CEU6Q, STM32U535JEY6QTR, STM32U535NCY6QTR, STM32U535NEY6QTR, STM32U535RBI6, STM32U535RBI6Q, STM32U535RBT6, STM32U535RBT6Q, STM32U535RCI6, STM32U535RCI6Q, STM32U535RCT6, STM32U535RCT6Q, STM32U535REI6, STM32U535REI6Q, STM32U535RET6, STM32U535RET6Q, STM32U535VCI6, STM32U535VCI6Q, STM32U535VCT6, STM32U535VCT6Q, STM32U535VEI6, STM32U535VEI6Q, STM32U535VET6, STM32U535VET6Q, STM32U545CET6, STM32U545CET6Q, STM32U545CEU6, STM32U545CEU6Q, STM32U545JEY6QTR, STM32U545NEY6QTR, STM32U545REI6, STM32U545REI6Q, STM32U545RET6, STM32U545RET6Q, STM32U545VEI6, STM32U545VEI6Q, STM32U545VET6, STM32U545VET6Q, STM32U595AIH6, STM32U595AIH6Q, STM32U595AJH6, STM32U595AJH6Q, STM32U595QII6, STM32U595QII6Q, STM32U595QJI6, STM32U595QJI6Q, STM32U595RIT6, STM32U595RIT6Q, STM32U595RJT6, STM32U595RJT6Q, STM32U595VIT6, STM32U595VIT6Q, STM32U595VJT6, STM32U595VJT6Q, STM32U595ZIT6, STM32U595ZIT6Q, STM32U595ZIY6QTR, STM32U595ZJT6, STM32U595ZJT6Q, STM32U595ZJY6QTR, STM32U599BJY6QTR, STM32U599NIH6Q, STM32U599NJH6Q, STM32U599VIT6Q, STM32U599VJT6, STM32U599VJT6Q, STM32U599ZIT6Q, STM32U599ZIY6QTR, STM32U599ZJT6Q, STM32U599ZJY6QTR, STM32U5A5AJH6, STM32U5A5AJH6Q, STM32U5A5QJI6, STM32U5A5QJI6Q, STM32U5A5RJT6, STM32U5A5RJT6Q, STM32U5A5VJT6, STM32U5A5VJT6Q, STM32U5A5ZJT6, STM32U5A5ZJT6Q, STM32U5A5ZJY6QTR, STM32U5A9BJY6QTR, STM32U5A9J-DK, STM32U5A9NJH6Q, STM32U5A9VJT6Q, STM32U5A9ZJT6Q, STM32U5A9ZJY6QTR, STM32U5F7VIT6, STM32U5F7VIT6Q, STM32U5F7VJT6, STM32U5F7VJT6Q, STM32U5F9BJY6QTR, STM32U5F9NJH6Q, STM32U5F9VIT6Q, STM32U5F9VJT6Q, STM32U5F9ZIJ6QTR, STM32U5F9ZIT6Q, STM32U5F9ZJJ6QTR, STM32U5F9ZJT6Q, STM32U5G7VJT6, STM32U5G7VJT6Q, STM32U5G9BJY6QTR, STM32U5G9J-DK1, STM32U5G9J-DK2, STM32U5G9NJH6Q, STM32U5G9VJT6Q, STM32U5G9ZJJ6QTR, STM32U5G9ZJT6Q, STM32WB1MMCH6, STM32WBA50KEU6, STM32WBA50KEU6TR, STM32WBA50KGU6, STM32WBA50KGU6TR, STM32WBA52CEU6, STM32WBA52CEU6TR, STM32WBA52CEU7, STM32WBA52CEU7TR, STM32WBA52CGU6, STM32WBA52CGU6TR, STM32WBA52CGU6U, STM32WBA52CGU7, STM32WBA52CGU7TR, STM32WBA52KEU6, STM32WBA52KEU6TR, STM32WBA52KGU6, STM32WBA52KGU6TR, STM32WBA54CEU6, STM32WBA54CEU6TR, STM32WBA54CEU7, STM32WBA54CEU7TR, STM32WBA54CGU6, STM32WBA54CGU6TR, STM32WBA54CGU7, STM32WBA54CGU7TR, STM32WBA54KEU6, STM32WBA54KEU6TR, STM32WBA54KEU7, STM32WBA54KEU7TR, STM32WBA54KGU6, STM32WBA54KGU6TR, STM32WBA54KGU7, STM32WBA54KGU7TR, STM32WBA55CEU6, STM32WBA55CEU6TR, STM32WBA55CEU7, STM32WBA55CEU7TR, STM32WBA55CGU6, STM32WBA55CGU6TR, STM32WBA55CGU6U, STM32WBA55CGU7, STM32WBA55CGU7TR, STM32WBA55G-DK1, STM32WBA55HEF6, STM32WBA55HEF7, STM32WBA55HGF6, STM32WBA55HGF7, STM32WBA55UEI6, STM32WBA55UEI6TR, STM32WBA55UEI7, STM32WBA55UEI7TR, STM32WBA55UGI6, STM32WBA55UGI6TR, STM32WBA55UGI7, STM32WBA55UGI7TR, STM32WL5MOCH6, STM32WL5MOCH6TR]
2025-02-12 15:13:31,530 [INFO] DbMcus:218 - Found 4440 MCUs, 4440 are supported
2025-02-12 15:13:31,530 [INFO] ApiDb:423 - Load user favorites file C:\Users\psriniz/.stm32cubeide/favorites.mcus.txt: 0 item(s)
2025-02-12 15:13:31,530 [INFO] ApiDb:427 - User favorites MCUs=[]
2025-02-12 15:13:31,530 [INFO] DbMcus:224 - Set 0 / 0 favorites MCUs
2025-02-12 15:13:31,714 [INFO] BoardInfo:889 - No configuration file found for board NUCLEO-C071RB
2025-02-12 15:13:31,714 [INFO] DbBoards:161 - Board is not supported: NUCLEO-C071RB
2025-02-12 15:13:31,738 [INFO] BoardInfo:889 - No configuration file found for board NUCLEO-H533RE
2025-02-12 15:13:31,738 [INFO] DbBoards:161 - Board is not supported: NUCLEO-H533RE
2025-02-12 15:13:31,743 [INFO] BoardInfo:889 - No configuration file found for board NUCLEO-H7S3L8
2025-02-12 15:13:31,744 [INFO] DbBoards:161 - Board is not supported: NUCLEO-H7S3L8
2025-02-12 15:13:31,763 [INFO] BoardInfo:889 - No configuration file found for board NUCLEO-N657X0-Q
2025-02-12 15:13:31,763 [INFO] DbBoards:161 - Board is not supported: NUCLEO-N657X0-Q
2025-02-12 15:13:31,764 [INFO] BoardInfo:889 - No configuration file found for board NUCLEO-U031R8
2025-02-12 15:13:31,764 [INFO] DbBoards:161 - Board is not supported: NUCLEO-U031R8
2025-02-12 15:13:31,765 [INFO] BoardInfo:889 - No configuration file found for board NUCLEO-U083RC
2025-02-12 15:13:31,765 [INFO] DbBoards:161 - Board is not supported: NUCLEO-U083RC
2025-02-12 15:13:31,767 [INFO] BoardInfo:889 - No configuration file found for board NUCLEO-WB05KZ
2025-02-12 15:13:31,767 [INFO] DbBoards:161 - Board is not supported: NUCLEO-WB05KZ
2025-02-12 15:13:31,768 [INFO] BoardInfo:889 - No configuration file found for board NUCLEO-WB07CC
2025-02-12 15:13:31,768 [INFO] DbBoards:161 - Board is not supported: NUCLEO-WB07CC
2025-02-12 15:13:31,768 [INFO] BoardInfo:889 - No configuration file found for board NUCLEO-WB09KE
2025-02-12 15:13:31,768 [INFO] DbBoards:161 - Board is not supported: NUCLEO-WB09KE
2025-02-12 15:13:31,771 [INFO] BoardInfo:889 - No configuration file found for board NUCLEO-WL33CC1
2025-02-12 15:13:31,771 [INFO] DbBoards:161 - Board is not supported: NUCLEO-WL33CC1
2025-02-12 15:13:31,772 [INFO] BoardInfo:889 - No configuration file found for board NUCLEO-WL33CC2
2025-02-12 15:13:31,772 [INFO] DbBoards:161 - Board is not supported: NUCLEO-WL33CC2
2025-02-12 15:13:31,774 [INFO] BoardInfo:889 - No configuration file found for board P-NUCLEO-WB55
2025-02-12 15:13:31,774 [INFO] DbBoards:161 - Kit is not supported: P-NUCLEO-WB55
2025-02-12 15:13:31,777 [INFO] BoardInfo:889 - No configuration file found for board STEVAL-BFA001V1B
2025-02-12 15:13:31,777 [INFO] DbBoards:161 - Kit is not supported: STEVAL-BFA001V1B
2025-02-12 15:13:31,777 [INFO] BoardInfo:889 - No configuration file found for board STEVAL-BFA001V2B
2025-02-12 15:13:31,777 [INFO] DbBoards:161 - Kit is not supported: STEVAL-BFA001V2B
2025-02-12 15:13:31,823 [INFO] BoardInfo:889 - No configuration file found for board STM32H7S78-DK
2025-02-12 15:13:31,823 [INFO] DbBoards:161 - Board is not supported: STM32H7S78-DK
2025-02-12 15:13:31,833 [INFO] BoardInfo:889 - No configuration file found for board STM32MP257F-DK
2025-02-12 15:13:31,833 [INFO] DbBoards:161 - Board is not supported: STM32MP257F-DK
2025-02-12 15:13:31,833 [INFO] BoardInfo:889 - No configuration file found for board STM32MP257F-EV1
2025-02-12 15:13:31,833 [INFO] DbBoards:161 - Board is not supported: STM32MP257F-EV1
2025-02-12 15:13:31,834 [INFO] BoardInfo:889 - No configuration file found for board STM32N6570-DK
2025-02-12 15:13:31,834 [INFO] DbBoards:161 - Board is not supported: STM32N6570-DK
2025-02-12 15:13:31,835 [INFO] BoardInfo:889 - No configuration file found for board STM32U083C-DK
2025-02-12 15:13:31,835 [INFO] DbBoards:161 - Board is not supported: STM32U083C-DK
2025-02-12 15:13:31,838 [INFO] DbBoards:168 - Found 205 boards, 186 are supported
2025-02-12 15:13:31,838 [INFO] DbBoards:169 - Found 205 boards, 3 of them is supported for  Bsp
2025-02-12 15:13:31,841 [INFO] ApiDb:423 - Load user favorites file C:\Users\psriniz/.stm32cubeide/favorites.boards.txt: 0 item(s)
2025-02-12 15:13:31,841 [INFO] ApiDb:427 - User favorites Boards=[]
2025-02-12 15:13:31,841 [INFO] DbBoards:198 - Set 0 / 0 favorites Boards
2025-02-12 15:13:31,841 [INFO] McuFinderGlobals:76 - Set McuFinderConnectedMode to true
2025-02-12 15:13:31,845 [INFO] MultiScanPanel:200 - Auto-refresh data requested => check proxy status ongoing
2025-02-12 15:13:31,847 [INFO] FinderPluginLoader:95 - Searching for filters in installed packs
2025-02-12 15:13:32,496 [INFO] LoadUrlFilesThread:185 - End of LoadServerUrlFiles without Thread
2025-02-12 15:13:32,502 [INFO] DetailPanel:341 - Set advertising image to C:/Users/psriniz/STM32Cube/Repository/\en.prom-stm32n6-mcu-finder.png
2025-02-12 15:13:45,140 [ERROR] LogOutputStream:75 - [STDERR_REDIRECT] SLF4J: Failed to load class "org.slf4j.impl.StaticLoggerBinder".
2025-02-12 15:13:45,141 [ERROR] LogOutputStream:75 - [STDERR_REDIRECT] SLF4J: Defaulting to no-operation (NOP) logger implementation
2025-02-12 15:13:45,141 [ERROR] LogOutputStream:75 - [STDERR_REDIRECT] SLF4J: See http://www.slf4j.org/codes.html#StaticLoggerBinder for further details.
2025-02-12 15:14:06,952 [INFO] MainUpdater:2873 - connection check result : 10
2025-02-12 15:14:06,952 [INFO] MainUpdater:2873 - connection check result : 10
2025-02-12 15:14:06,974 [INFO] MicroXplorer:468 - Change Database Path : 
2025-02-12 15:14:06,974 [INFO] MicroXplorer:498 - Change Database Version : DB.6.0.100
2025-02-12 15:14:06,976 [WARN] ThirdParty:871 - waiting for thirdparty lock release [close project]
2025-02-12 15:14:06,976 [INFO] ThirdParty:873 - entering critical section [close project]
2025-02-12 15:14:06,976 [INFO] ThirdParty:883 - exiting critical section [close project]
2025-02-12 15:14:06,977 [INFO] PinOutPanel:1499 - setPackage(No Configuration,No Configuration)
2025-02-12 15:14:06,979 [INFO] UtilMem:75 - Begin LoadConfig() Used Memory: 197132288 Bytes (570425344)
2025-02-12 15:14:06,979 [INFO] MicroXplorer:468 - Change Database Path : 
2025-02-12 15:14:06,979 [INFO] MicroXplorer:498 - Change Database Version : DB.6.0.100
2025-02-12 15:14:06,979 [INFO] OpenFileManager:312 - Change cursor
2025-02-12 15:14:07,025 [INFO] Mcu:2016 - Initializing MCU STM32F401CCUx STM32F401CCUx STM32F401CCU6
2025-02-12 15:14:07,670 [INFO] Context:659 - Trying to add GPIOservice into a context  which must be forbidden
2025-02-12 15:14:07,848 [INFO] ImportTextPane:194 - (OptionalMessage_ERROR) Unable to find key (Mcu.ThirdPartyNb) in loaded IOC file
2025-02-12 15:14:07,849 [INFO] ImportTextPane:194 - (OptionalMessage_ERROR) Unable to find key (Mcu.PinsNb) in loaded IOC file
2025-02-12 15:14:07,849 [INFO] ImportTextPane:194 - (OptionalMessage_ERROR) Unable to find key (Mcu.IPNb) in loaded IOC file
2025-02-12 15:14:07,898 [WARN] ModelIntegratedComponent:63 - No mode defined for component null
2025-02-12 15:14:07,898 [WARN] ModelIntegratedComponent:63 - No mode defined for component null
2025-02-12 15:14:07,898 [WARN] ModelIntegratedComponent:63 - No mode defined for component null
2025-02-12 15:14:07,898 [WARN] ModelIntegratedComponent:63 - No mode defined for component null
2025-02-12 15:14:07,898 [WARN] ModelIntegratedComponent:63 - No mode defined for component null
2025-02-12 15:14:07,898 [WARN] ModelIntegratedComponent:63 - No mode defined for component null
2025-02-12 15:14:07,898 [WARN] ModelIntegratedComponent:63 - No mode defined for component null
2025-02-12 15:14:07,898 [WARN] ModelIntegratedComponent:63 - No mode defined for component null
2025-02-12 15:14:07,898 [WARN] ModelIntegratedComponent:63 - No mode defined for component null
2025-02-12 15:14:07,898 [WARN] ModelIntegratedComponent:63 - No mode defined for component null
2025-02-12 15:14:07,898 [WARN] ModelIntegratedComponent:63 - No mode defined for component null
2025-02-12 15:14:07,898 [WARN] ModelIntegratedComponent:63 - No mode defined for component null
2025-02-12 15:14:07,899 [WARN] ModelIntegratedComponent:63 - No mode defined for component null
2025-02-12 15:14:07,899 [WARN] ModelIntegratedComponent:63 - No mode defined for component null
2025-02-12 15:14:07,899 [WARN] ModelIntegratedComponent:63 - No mode defined for component null
2025-02-12 15:14:07,899 [WARN] ModelIntegratedComponent:63 - No mode defined for component null
2025-02-12 15:14:07,899 [WARN] ModelIntegratedComponent:63 - No mode defined for component null
2025-02-12 15:14:07,899 [WARN] ModelIntegratedComponent:63 - No mode defined for component null
2025-02-12 15:14:07,899 [WARN] ModelIntegratedComponent:63 - No mode defined for component null
2025-02-12 15:14:07,899 [WARN] ModelIntegratedComponent:63 - No mode defined for component null
2025-02-12 15:14:07,899 [WARN] ModelIntegratedComponent:63 - No mode defined for component null
2025-02-12 15:14:07,899 [WARN] ModelIntegratedComponent:63 - No mode defined for component null
2025-02-12 15:14:07,899 [WARN] ModelIntegratedComponent:63 - No mode defined for component null
2025-02-12 15:14:07,899 [WARN] ModelIntegratedComponent:63 - No mode defined for component null
2025-02-12 15:14:07,899 [WARN] ModelIntegratedComponent:63 - No mode defined for component null
2025-02-12 15:14:07,899 [WARN] ModelIntegratedComponent:63 - No mode defined for component null
2025-02-12 15:14:07,899 [WARN] ModelIntegratedComponent:63 - No mode defined for component null
2025-02-12 15:14:07,899 [WARN] ModelIntegratedComponent:63 - No mode defined for component null
2025-02-12 15:14:07,899 [WARN] ModelIntegratedComponent:63 - No mode defined for component null
2025-02-12 15:14:07,899 [WARN] ModelIntegratedComponent:63 - No mode defined for component null
2025-02-12 15:14:07,899 [WARN] ModelIntegratedComponent:63 - No mode defined for component null
2025-02-12 15:14:07,899 [WARN] ModelIntegratedComponent:63 - No mode defined for component null
2025-02-12 15:14:07,899 [WARN] ModelIntegratedComponent:63 - No mode defined for component null
2025-02-12 15:14:07,960 [INFO] RtosManager:555 - Registered RTOS mode: class=CMSIS, group=RTOS, mode=CMSIS_V1, owner=FREERTOS
2025-02-12 15:14:07,960 [INFO] RtosManager:555 - Registered RTOS mode: class=CMSIS, group=RTOS2, mode=CMSIS_V2, owner=FREERTOS
2025-02-12 15:14:07,960 [INFO] RtosManager:555 - Registered RTOS mode: class=RTOS, group=Core, mode=CMSIS_V1, owner=FREERTOS
2025-02-12 15:14:07,960 [INFO] RtosManager:555 - Registered RTOS mode: class=RTOS, group=Core, mode=CMSIS_V2, owner=FREERTOS
2025-02-12 15:14:07,960 [WARN] ModelIntegratedComponent:184 - Missing modes for component STMicroelectronics:FreeRTOS:0.0.1:STMicroelectronics:RTOS:FreeRTOS:Core:::10.2.0:
2025-02-12 15:14:07,960 [WARN] ModelIntegratedComponent:182 - Modes not found for component STMicroelectronics:USB_DEVICE:1.0.0:STMicroelectronics:USB::USB Device:Audio HS::1.0:USB_DEVICE_1_0_RESTRICTED_HS
2025-02-12 15:14:07,960 [WARN] ModelIntegratedComponent:188 - Modes not found for component STMicroelectronics:USB_DEVICE:1.0.0:STMicroelectronics:USB::USB Device:Audio HS::1.0:USB_DEVICE_1_0_RESTRICTED_HS
2025-02-12 15:14:07,960 [WARN] ModelIntegratedComponent:182 - Modes not found for component STMicroelectronics:USB_DEVICE:1.0.0:STMicroelectronics:USB::USB Device:CDC HS::1.0:USB_DEVICE_1_0_RESTRICTED_HS
2025-02-12 15:14:07,960 [WARN] ModelIntegratedComponent:188 - Modes not found for component STMicroelectronics:USB_DEVICE:1.0.0:STMicroelectronics:USB::USB Device:CDC HS::1.0:USB_DEVICE_1_0_RESTRICTED_HS
2025-02-12 15:14:07,960 [WARN] ModelIntegratedComponent:182 - Modes not found for component STMicroelectronics:USB_DEVICE:1.0.0:STMicroelectronics:USB::USB Device:DFU HS::1.0:USB_DEVICE_1_0_RESTRICTED_HS
2025-02-12 15:14:07,961 [WARN] ModelIntegratedComponent:188 - Modes not found for component STMicroelectronics:USB_DEVICE:1.0.0:STMicroelectronics:USB::USB Device:DFU HS::1.0:USB_DEVICE_1_0_RESTRICTED_HS
2025-02-12 15:14:07,961 [WARN] ModelIntegratedComponent:182 - Modes not found for component STMicroelectronics:USB_DEVICE:1.0.0:STMicroelectronics:USB::USB Device:HID HS::1.0:USB_DEVICE_1_0_RESTRICTED_HS
2025-02-12 15:14:07,961 [WARN] ModelIntegratedComponent:188 - Modes not found for component STMicroelectronics:USB_DEVICE:1.0.0:STMicroelectronics:USB::USB Device:HID HS::1.0:USB_DEVICE_1_0_RESTRICTED_HS
2025-02-12 15:14:07,961 [WARN] ModelIntegratedComponent:182 - Modes not found for component STMicroelectronics:USB_DEVICE:1.0.0:STMicroelectronics:USB::USB Device:Custom HID HS::1.0:USB_DEVICE_1_0_RESTRICTED_HS
2025-02-12 15:14:07,961 [WARN] ModelIntegratedComponent:188 - Modes not found for component STMicroelectronics:USB_DEVICE:1.0.0:STMicroelectronics:USB::USB Device:Custom HID HS::1.0:USB_DEVICE_1_0_RESTRICTED_HS
2025-02-12 15:14:07,961 [WARN] ModelIntegratedComponent:182 - Modes not found for component STMicroelectronics:USB_DEVICE:1.0.0:STMicroelectronics:USB::USB Device:MSC HS::1.0:USB_DEVICE_1_0_RESTRICTED_HS
2025-02-12 15:14:07,961 [WARN] ModelIntegratedComponent:188 - Modes not found for component STMicroelectronics:USB_DEVICE:1.0.0:STMicroelectronics:USB::USB Device:MSC HS::1.0:USB_DEVICE_1_0_RESTRICTED_HS
2025-02-12 15:14:07,962 [WARN] ModelIntegratedComponent:182 - Modes not found for component STMicroelectronics:USB_HOST:1.0.0:STMicroelectronics:USB::USB Host:Audio HS::1.0:USB_HOST_1_0_RESTRICTED_HS
2025-02-12 15:14:07,963 [WARN] ModelIntegratedComponent:188 - Modes not found for component STMicroelectronics:USB_HOST:1.0.0:STMicroelectronics:USB::USB Host:Audio HS::1.0:USB_HOST_1_0_RESTRICTED_HS
2025-02-12 15:14:07,963 [WARN] ModelIntegratedComponent:182 - Modes not found for component STMicroelectronics:USB_HOST:1.0.0:STMicroelectronics:USB::USB Host:CDC HS::1.0:USB_HOST_1_0_RESTRICTED_HS
2025-02-12 15:14:07,963 [WARN] ModelIntegratedComponent:188 - Modes not found for component STMicroelectronics:USB_HOST:1.0.0:STMicroelectronics:USB::USB Host:CDC HS::1.0:USB_HOST_1_0_RESTRICTED_HS
2025-02-12 15:14:07,963 [WARN] ModelIntegratedComponent:182 - Modes not found for component STMicroelectronics:USB_HOST:1.0.0:STMicroelectronics:USB::USB Host:MSC HS::1.0:USB_HOST_1_0_RESTRICTED_HS
2025-02-12 15:14:07,963 [WARN] ModelIntegratedComponent:188 - Modes not found for component STMicroelectronics:USB_HOST:1.0.0:STMicroelectronics:USB::USB Host:MSC HS::1.0:USB_HOST_1_0_RESTRICTED_HS
2025-02-12 15:14:07,963 [WARN] ModelIntegratedComponent:182 - Modes not found for component STMicroelectronics:USB_HOST:1.0.0:STMicroelectronics:USB::USB Host:HID HS::1.0:USB_HOST_1_0_RESTRICTED_HS
2025-02-12 15:14:07,963 [WARN] ModelIntegratedComponent:188 - Modes not found for component STMicroelectronics:USB_HOST:1.0.0:STMicroelectronics:USB::USB Host:HID HS::1.0:USB_HOST_1_0_RESTRICTED_HS
2025-02-12 15:14:07,963 [WARN] ModelIntegratedComponent:182 - Modes not found for component STMicroelectronics:USB_HOST:1.0.0:STMicroelectronics:USB::USB Host:MTP HS::1.0:USB_HOST_1_0_RESTRICTED_HS
2025-02-12 15:14:07,963 [WARN] ModelIntegratedComponent:188 - Modes not found for component STMicroelectronics:USB_HOST:1.0.0:STMicroelectronics:USB::USB Host:MTP HS::1.0:USB_HOST_1_0_RESTRICTED_HS
2025-02-12 15:14:07,967 [INFO] ThirdPartyModel:298 - Start build external matchings
2025-02-12 15:14:08,005 [INFO] ThirdPartyModel:316 - End build external matchings
2025-02-12 15:14:08,111 [INFO] UtilMem:75 - End LoadConfig() Used Memory: 319241288 Bytes (711983104)
2025-02-12 15:14:08,131 [INFO] MicroXplorer:468 - Change Database Path : 
2025-02-12 15:14:08,131 [INFO] MicroXplorer:498 - Change Database Version : DB.6.0.100
2025-02-12 15:14:08,132 [WARN] ThirdParty:833 - waiting for thirdparty lock release [change project]
2025-02-12 15:14:08,132 [INFO] ThirdParty:835 - entering critical section [change project]
2025-02-12 15:14:08,132 [INFO] ThirdParty:1030 - CMSIS Pack Vendor :STMicroelectronics USBPD 4.1
2025-02-12 15:14:08,132 [INFO] ThirdParty:1030 - CMSIS Pack Vendor :STMicroelectronics X-CUBE-NFC9 1.0.0
2025-02-12 15:14:08,132 [INFO] ThirdParty:1030 - CMSIS Pack Vendor :RealThread X-CUBE-RT-Thread_Nano 4.1.1
2025-02-12 15:14:08,132 [INFO] ThirdParty:1030 - CMSIS Pack Vendor :STMicroelectronics USB_HOST 2.0.0
2025-02-12 15:14:08,132 [INFO] ThirdParty:1030 - CMSIS Pack Vendor :STMicroelectronics LIBJPEG 8.0.0
2025-02-12 15:14:08,132 [INFO] ThirdParty:1030 - CMSIS Pack Vendor :STMicroelectronics X-CUBE-NFC10 1.0.0
2025-02-12 15:14:08,132 [INFO] ThirdParty:1030 - CMSIS Pack Vendor :STMicroelectronics X-CUBE-WB05N 1.1.0
2025-02-12 15:14:08,132 [INFO] ThirdParty:1030 - CMSIS Pack Vendor :STMicroelectronics USB_DEVICE 3.0.0
2025-02-12 15:14:08,132 [INFO] ThirdParty:1030 - CMSIS Pack Vendor :STMicroelectronics X-CUBE-BLEMGR 4.0.0
2025-02-12 15:14:08,132 [INFO] ThirdParty:1030 - CMSIS Pack Vendor :STMicroelectronics HAL Drivers 0.0.0
2025-02-12 15:14:08,132 [INFO] ThirdParty:1030 - CMSIS Pack Vendor :STMicroelectronics MBEDTLS 2.16.2
2025-02-12 15:14:08,132 [INFO] ThirdParty:1030 - CMSIS Pack Vendor :STMicroelectronics X-CUBE-FREERTOS 1.3.0
2025-02-12 15:14:08,132 [INFO] ThirdParty:1030 - CMSIS Pack Vendor :STMicroelectronics X-CUBE-IPS 3.0.0
2025-02-12 15:14:08,132 [INFO] ThirdParty:1030 - CMSIS Pack Vendor :STMicroelectronics MBEDTLS 2.14.1
2025-02-12 15:14:08,132 [INFO] ThirdParty:1030 - CMSIS Pack Vendor :STMicroelectronics X-CUBE-GNSS1 7.0.1
2025-02-12 15:14:08,132 [INFO] ThirdParty:1030 - CMSIS Pack Vendor :STMicroelectronics X-CUBE-TOUCHGFX 4.24.2
2025-02-12 15:14:08,132 [INFO] ThirdParty:1030 - CMSIS Pack Vendor :STMicroelectronics USB_DEVICE 2.0.0
2025-02-12 15:14:08,132 [INFO] ThirdParty:1030 - CMSIS Pack Vendor :STMicroelectronics X-CUBE-AI 10.0.0
2025-02-12 15:14:08,132 [INFO] ThirdParty:1030 - CMSIS Pack Vendor :STMicroelectronics ThreadX 1.0.0
2025-02-12 15:14:08,132 [INFO] ThirdParty:1030 - CMSIS Pack Vendor :STMicroelectronics X-CUBE-MEMS1 11.1.0
2025-02-12 15:14:08,132 [INFO] ThirdParty:1030 - CMSIS Pack Vendor :STMicroelectronics FreeRTOS 0.0.1
2025-02-12 15:14:08,132 [INFO] ThirdParty:1030 - CMSIS Pack Vendor :STMicroelectronics USB_DEVICE 1.0.0
2025-02-12 15:14:08,132 [INFO] ThirdParty:1030 - CMSIS Pack Vendor :STMicroelectronics STM32_WPAN 1.0.0
2025-02-12 15:14:08,132 [INFO] ThirdParty:1030 - CMSIS Pack Vendor :STMicroelectronics ThreadX 0.0.2
2025-02-12 15:14:08,132 [INFO] ThirdParty:1030 - CMSIS Pack Vendor :STMicroelectronics lwIP 2.0.3
2025-02-12 15:14:08,133 [INFO] ThirdParty:1030 - CMSIS Pack Vendor :STMicroelectronics lwIP 2.1.2
2025-02-12 15:14:08,133 [INFO] ThirdParty:1030 - CMSIS Pack Vendor :Cesanta I-CUBE-Mongoose 7.13.0
2025-02-12 15:14:08,133 [INFO] ThirdParty:1030 - CMSIS Pack Vendor :STMicroelectronics X-CUBE-TOF1 3.4.2
2025-02-12 15:14:08,133 [INFO] ThirdParty:1030 - CMSIS Pack Vendor :STMicroelectronics USB_HOST 1.0.0
2025-02-12 15:14:08,133 [INFO] ThirdParty:1030 - CMSIS Pack Vendor :STMicroelectronics X-CUBE-AI 9.1.0
2025-02-12 15:14:08,133 [INFO] ThirdParty:1030 - CMSIS Pack Vendor :STMicroelectronics PDM2PCM 3.1.0
2025-02-12 15:14:08,133 [INFO] ThirdParty:1030 - CMSIS Pack Vendor :STMicroelectronics PDM2PCM 3.2.0
2025-02-12 15:14:08,133 [INFO] ThirdParty:1030 - CMSIS Pack Vendor :STMicroelectronics PDM2PCM 3.3.0
2025-02-12 15:14:08,133 [INFO] ThirdParty:841 - exiting critical section [change project]
2025-02-12 15:14:08,265 [INFO] PinOutPanel:1499 - setPackage(No Configuration,No Configuration)
2025-02-12 15:14:08,266 [INFO] PinOutPanel:1499 - setPackage(STM32F401CCUx,UFQFPN48)
2025-02-12 15:14:08,521 [INFO] UtilMem:75 - Before build in PCC Used Memory: 204970960 Bytes (654311424)
2025-02-12 15:14:09,006 [INFO] UtilMem:75 - After build in PCC Used Memory: 274703312 Bytes (654311424)
2025-02-12 15:14:09,020 [INFO] IPUIPlugin:80 - create IPUIPlugin
2025-02-12 15:14:09,020 [INFO] IPUIPlugin:80 - create IPUIPlugin
2025-02-12 15:14:09,020 [INFO] IPUIPlugin:80 - create IPUIPlugin
2025-02-12 15:14:09,020 [INFO] IPUIPlugin:80 - create IPUIPlugin
2025-02-12 15:14:09,020 [INFO] IPUIPlugin:80 - create IPUIPlugin
2025-02-12 15:14:09,020 [INFO] IPUIPlugin:80 - create IPUIPlugin
2025-02-12 15:14:09,020 [INFO] IPUIPlugin:80 - create IPUIPlugin
2025-02-12 15:14:09,021 [INFO] IPUIPlugin:80 - create IPUIPlugin
2025-02-12 15:14:09,021 [INFO] IPUIPlugin:80 - create IPUIPlugin
2025-02-12 15:14:09,021 [INFO] IPUIPlugin:80 - create IPUIPlugin
2025-02-12 15:14:09,021 [INFO] IPUIPlugin:80 - create IPUIPlugin
2025-02-12 15:14:09,021 [INFO] IPUIPlugin:80 - create IPUIPlugin
2025-02-12 15:14:09,021 [INFO] IPUIPlugin:80 - create IPUIPlugin
2025-02-12 15:14:09,021 [INFO] IPUIPlugin:80 - create IPUIPlugin
2025-02-12 15:14:09,021 [INFO] IPUIPlugin:80 - create IPUIPlugin
2025-02-12 15:14:09,021 [INFO] IPUIPlugin:80 - create IPUIPlugin
2025-02-12 15:14:09,021 [INFO] IPUIPlugin:80 - create IPUIPlugin
2025-02-12 15:14:09,021 [INFO] IPUIPlugin:80 - create IPUIPlugin
2025-02-12 15:14:09,021 [INFO] IPUIPlugin:80 - create IPUIPlugin
2025-02-12 15:14:09,021 [INFO] IPUIPlugin:80 - create IPUIPlugin
2025-02-12 15:14:09,021 [INFO] IPUIPlugin:80 - create IPUIPlugin
2025-02-12 15:14:09,021 [INFO] IPUIPlugin:80 - create IPUIPlugin
2025-02-12 15:14:09,021 [INFO] IPUIPlugin:80 - create IPUIPlugin
2025-02-12 15:14:09,022 [INFO] IPUIPlugin:80 - create IPUIPlugin
2025-02-12 15:14:09,022 [INFO] IPUIPlugin:80 - create IPUIPlugin
2025-02-12 15:14:09,022 [INFO] IPUIPlugin:80 - create IPUIPlugin
2025-02-12 15:14:09,022 [INFO] IPUIPlugin:80 - create IPUIPlugin
2025-02-12 15:14:09,022 [INFO] IPUIPlugin:80 - create IPUIPlugin
2025-02-12 15:14:09,022 [INFO] IPUIPlugin:80 - create IPUIPlugin
2025-02-12 15:14:09,022 [INFO] IPUIPlugin:80 - create IPUIPlugin
2025-02-12 15:14:09,022 [INFO] IPUIPlugin:80 - create IPUIPlugin
2025-02-12 15:14:09,022 [INFO] IPUIPlugin:80 - create IPUIPlugin
2025-02-12 15:14:09,022 [INFO] IPUIPlugin:80 - create IPUIPlugin
2025-02-12 15:14:09,022 [INFO] IPUIPlugin:80 - create IPUIPlugin
2025-02-12 15:14:09,023 [INFO] IPUIPlugin:80 - create IPUIPlugin
2025-02-12 15:14:09,023 [INFO] IPUIPlugin:80 - create IPUIPlugin
2025-02-12 15:14:09,023 [INFO] IPUIPlugin:80 - create IPUIPlugin
2025-02-12 15:14:09,114 [INFO] ApiDbMcu:508 - Load IP Config File for PDM2PCM
2025-02-12 15:14:09,218 [INFO] CADModel:165 - CPN selected for project levelSTM32F401CCU6
2025-02-12 15:14:09,218 [INFO] CADModel:114 - Register for checkConnection events
2025-02-12 15:14:09,262 [INFO] OpenFileManager:343 - Restore cursor
2025-02-12 15:14:09,835 [INFO] UtilMem:75 - End SaveConfig() Used Memory: 373269456 Bytes (654311424)
2025-02-12 15:14:09,881 [INFO] UtilMem:75 - End SaveConfig() Used Memory: 388471760 Bytes (654311424)
2025-02-12 15:14:10,073 [INFO] BlockDiagram:2759 - set Specific Code input for plugin: NVIC
2025-02-12 15:14:10,073 [INFO] BlockDiagram:2759 - set Specific Code input for plugin: RCC
2025-02-12 15:14:10,074 [INFO] CodeGenerator:807 - code generatio: config db path: C:\ST\STM32CubeIDE_1.14.0\STM32CubeIDE\plugins\com.st.stm32cube.common.mx_6.10.0.202311202037\\db\
2025-02-12 15:14:10,202 [INFO] CodeEngine:255 - oldGeneratedFile, D:\Study\gitHub-Labwork\SampleCode\ADC_MultiChannel\MXTmpFiles\license.tmp_save
2025-02-12 15:14:10,382 [INFO] CodeEngine:279 - Generated code: D:\Study\gitHub-Labwork\SampleCode\ADC_MultiChannel\MXTmpFiles\license.tmp
2025-02-12 15:14:10,399 [INFO] CodeEngine:255 - oldGeneratedFile, D:\Study\gitHub-Labwork\SampleCode\ADC_MultiChannel\Core\Src\stm32f4xx_it.c_save
2025-02-12 15:14:10,513 [INFO] CodeEngine:279 - Generated code: D:\Study\gitHub-Labwork\SampleCode\ADC_MultiChannel\Core\Src\stm32f4xx_it.c
2025-02-12 15:14:10,532 [INFO] CodeEngine:255 - oldGeneratedFile, D:\Study\gitHub-Labwork\SampleCode\ADC_MultiChannel\Core\Inc\stm32f4xx_it.h_save
2025-02-12 15:14:10,599 [INFO] CodeEngine:279 - Generated code: D:\Study\gitHub-Labwork\SampleCode\ADC_MultiChannel\Core\Inc\stm32f4xx_it.h
2025-02-12 15:14:10,677 [INFO] CodeEngine:255 - oldGeneratedFile, D:\Study\gitHub-Labwork\SampleCode\ADC_MultiChannel\Core\Src\stm32f4xx_hal_msp.c_save
2025-02-12 15:14:10,795 [INFO] CodeEngine:279 - Generated code: D:\Study\gitHub-Labwork\SampleCode\ADC_MultiChannel\Core\Src\stm32f4xx_hal_msp.c
2025-02-12 15:14:10,805 [INFO] CodeEngine:255 - oldGeneratedFile, D:\Study\gitHub-Labwork\SampleCode\ADC_MultiChannel\MXTmpFiles\system.tmp_save
2025-02-12 15:14:10,849 [INFO] CodeEngine:279 - Generated code: D:\Study\gitHub-Labwork\SampleCode\ADC_MultiChannel\MXTmpFiles\system.tmp
2025-02-12 15:14:10,861 [INFO] CodeEngine:311 - oldGeneratedFile, D:\Study\gitHub-Labwork\SampleCode\ADC_MultiChannel\Core\Inc\stm32f4xx_hal_conf.h_save
2025-02-12 15:14:10,948 [INFO] CodeEngine:335 - Generated code: D:\Study\gitHub-Labwork\SampleCode\ADC_MultiChannel\Core\Inc\stm32f4xx_hal_conf.h
2025-02-12 15:14:10,994 [INFO] CodeEngine:255 - oldGeneratedFile, D:\Study\gitHub-Labwork\SampleCode\ADC_MultiChannel\Core\Inc\main.h_save
2025-02-12 15:14:11,066 [INFO] CodeEngine:279 - Generated code: D:\Study\gitHub-Labwork\SampleCode\ADC_MultiChannel\Core\Inc\main.h
2025-02-12 15:14:11,077 [INFO] CodeEngine:255 - oldGeneratedFile, D:\Study\gitHub-Labwork\SampleCode\ADC_MultiChannel\Core\Src\main.c_save
2025-02-12 15:14:11,163 [INFO] CodeEngine:279 - Generated code: D:\Study\gitHub-Labwork\SampleCode\ADC_MultiChannel\Core\Src\main.c
2025-02-12 15:14:11,400 [INFO] ProjectBuilder:3076 - Time for Copy HAL[1] : 91mS.
2025-02-12 15:14:11,403 [INFO] ProjectBuilder:4485 - Project Generator version: 4.2.0-B44
2025-02-12 15:14:11,550 [INFO] ConfigFileManager:1495 - The Die is : DIE423
2025-02-12 15:14:11,564 [INFO] ApiDbMcu:508 - Load IP Config File for FATFS
2025-02-12 15:14:11,576 [INFO] ApiDbMcu:508 - Load IP Config File for FREERTOS
2025-02-12 15:14:11,587 [INFO] ApiDbMcu:508 - Load IP Config File for LIBJPEG
2025-02-12 15:14:11,599 [INFO] ApiDbMcu:508 - Load IP Config File for MBEDTLS
2025-02-12 15:14:11,610 [INFO] ApiDbMcu:508 - Load IP Config File for USB_DEVICE
2025-02-12 15:14:11,620 [INFO] ApiDbMcu:508 - Load IP Config File for USB_HOST
2025-02-12 15:14:12,285 [INFO] LogOutputStream:77 - [STDOUT_REDIRECT] 
2025-02-12 15:14:14,175 [INFO] ProjectBuilder:4747 - Time for Generating toolchain IDE Files: 2772mS.
2025-02-12 15:14:14,176 [INFO] ProjectBuilder:2947 - Time for Copy CMSIS : 0mS.
2025-02-12 15:14:14,177 [INFO] ProjectBuilder:2947 - Time for Copy CMSIS : 0mS.
2025-02-12 15:14:15,098 [INFO] McuFinderGlobals:76 - Set McuFinderConnectedMode to true
2025-02-12 15:14:15,100 [INFO] ApiDb:448 - Save user favorites file C:\Users\psriniz/.stm32cubeide/favorites.mcus.txt: 0 item(s)
2025-02-12 15:14:15,100 [INFO] ApiDb:452 - User favorites MCUs=[]
2025-02-12 15:14:31,265 [INFO] UtilMem:75 - End SaveConfig() Used Memory: 310048440 Bytes (738197504)
2025-02-12 15:14:31,351 [INFO] BlockDiagram:2759 - set Specific Code input for plugin: NVIC
2025-02-12 15:14:31,351 [INFO] BlockDiagram:2759 - set Specific Code input for plugin: RCC
2025-02-12 15:14:31,351 [INFO] CodeGenerator:807 - code generatio: config db path: C:\ST\STM32CubeIDE_1.14.0\STM32CubeIDE\plugins\com.st.stm32cube.common.mx_6.10.0.202311202037\\db\
2025-02-12 15:14:31,405 [INFO] CodeEngine:255 - oldGeneratedFile, D:\Study\gitHub-Labwork\SampleCode\ADC_MultiChannel\MXTmpFiles\license.tmp_save
2025-02-12 15:14:31,448 [INFO] CodeEngine:279 - Generated code: D:\Study\gitHub-Labwork\SampleCode\ADC_MultiChannel\MXTmpFiles\license.tmp
2025-02-12 15:14:31,462 [INFO] CodeEngine:255 - oldGeneratedFile, D:\Study\gitHub-Labwork\SampleCode\ADC_MultiChannel\Core\Src\stm32f4xx_it.c_save
2025-02-12 15:14:31,515 [INFO] CodeEngine:279 - Generated code: D:\Study\gitHub-Labwork\SampleCode\ADC_MultiChannel\Core\Src\stm32f4xx_it.c
2025-02-12 15:14:31,519 [INFO] CodeEngine:255 - oldGeneratedFile, D:\Study\gitHub-Labwork\SampleCode\ADC_MultiChannel\Core\Inc\stm32f4xx_it.h_save
2025-02-12 15:14:31,555 [INFO] CodeEngine:279 - Generated code: D:\Study\gitHub-Labwork\SampleCode\ADC_MultiChannel\Core\Inc\stm32f4xx_it.h
2025-02-12 15:14:31,568 [INFO] CodeEngine:255 - oldGeneratedFile, D:\Study\gitHub-Labwork\SampleCode\ADC_MultiChannel\Core\Src\stm32f4xx_hal_msp.c_save
2025-02-12 15:14:31,605 [INFO] CodeEngine:279 - Generated code: D:\Study\gitHub-Labwork\SampleCode\ADC_MultiChannel\Core\Src\stm32f4xx_hal_msp.c
2025-02-12 15:14:31,607 [INFO] CodeEngine:255 - oldGeneratedFile, D:\Study\gitHub-Labwork\SampleCode\ADC_MultiChannel\MXTmpFiles\system.tmp_save
2025-02-12 15:14:31,645 [INFO] CodeEngine:279 - Generated code: D:\Study\gitHub-Labwork\SampleCode\ADC_MultiChannel\MXTmpFiles\system.tmp
2025-02-12 15:14:31,659 [INFO] CodeEngine:311 - oldGeneratedFile, D:\Study\gitHub-Labwork\SampleCode\ADC_MultiChannel\Core\Inc\stm32f4xx_hal_conf.h_save
2025-02-12 15:14:31,734 [INFO] CodeEngine:335 - Generated code: D:\Study\gitHub-Labwork\SampleCode\ADC_MultiChannel\Core\Inc\stm32f4xx_hal_conf.h
2025-02-12 15:14:31,766 [INFO] CodeEngine:255 - oldGeneratedFile, D:\Study\gitHub-Labwork\SampleCode\ADC_MultiChannel\Core\Inc\main.h_save
2025-02-12 15:14:31,804 [INFO] CodeEngine:279 - Generated code: D:\Study\gitHub-Labwork\SampleCode\ADC_MultiChannel\Core\Inc\main.h
2025-02-12 15:14:31,815 [INFO] CodeEngine:255 - oldGeneratedFile, D:\Study\gitHub-Labwork\SampleCode\ADC_MultiChannel\Core\Src\main.c_save
2025-02-12 15:14:31,860 [INFO] CodeEngine:279 - Generated code: D:\Study\gitHub-Labwork\SampleCode\ADC_MultiChannel\Core\Src\main.c
2025-02-12 15:14:32,109 [INFO] ProjectBuilder:3076 - Time for Copy HAL[1] : 86mS.
2025-02-12 15:14:32,110 [INFO] ProjectBuilder:4485 - Project Generator version: 4.2.0-B44
2025-02-12 15:14:32,193 [INFO] ConfigFileManager:1495 - The Die is : DIE423
2025-02-12 15:14:32,955 [INFO] ProjectBuilder:4747 - Time for Generating toolchain IDE Files: 845mS.
2025-02-12 15:14:32,956 [INFO] ProjectBuilder:2947 - Time for Copy CMSIS : 0mS.
2025-02-12 15:14:32,957 [INFO] ProjectBuilder:2947 - Time for Copy CMSIS : 0mS.
2025-02-12 19:56:09,222 [ERROR] LogOutputStream:75 - [STDERR_REDIRECT] 
